<?xml version="1.0" encoding="UTF-8"?>
<Site BuildName="(empty)"
	BuildStamp="20240827-1537-Experimental"
	Name="zeeshan-F15Plus-2"
	Generator="ctest-3.22.1"
	CompilerName="/usr/bin/c++"
	CompilerVersion="11.4.0"
	OSName="Linux"
	Hostname="zeeshan-F15Plus-2"
	OSRelease="6.5.0-45-generic"
	OSVersion="#45~22.04.1-Ubuntu SMP PREEMPT_DYNAMIC Mon Jul 15 16:40:02 UTC 2"
	OSPlatform="x86_64"
	Is64Bits="1"
	VendorString="GenuineIntel"
	VendorID="Intel Corporation"
	FamilyID="6"
	ModelID="122"
	ProcessorCacheSize="4096"
	NumberOfLogicalCPU="4"
	NumberOfPhysicalCPU="4"
	TotalVirtualMemory="2047"
	TotalPhysicalMemory="7754"
	LogicalProcessorsPerPhysical="1"
	ProcessorClockFrequency="2487.26"
	>
	<Testing>
		<StartDateTime>Aug 27 21:42 CEST</StartDateTime>
		<StartTestTime>1724787754</StartTestTime>
		<TestList/>
		<EndDateTime>Aug 27 21:42 CEST</EndDateTime>
		<EndTestTime>1724787754</EndTestTime>
		<ElapsedMinutes>0</ElapsedMinutes>
	</Testing>
</Site>
