-- The C compiler identification is GNU 11.4.0
-- The CXX compiler identification is GNU 11.4.0
-- Detecting C compiler ABI info
-- Detecting C compiler ABI info - done
-- Check for working C compiler: /usr/bin/cc - skipped
-- Detecting C compile features
-- Detecting C compile features - done
-- Detecting CXX compiler ABI info
-- Detecting CXX compiler ABI info - done
-- Check for working CXX compiler: /usr/bin/c++ - skipped
-- Detecting CXX compile features
-- Detecting CXX compile features - done
-- Found ament_cmake: 1.3.9 (/opt/ros/humble/share/ament_cmake/cmake)
-- Found Python3: /usr/bin/python3 (found version "3.10.12") found components: Interpreter 
-- Found rclcpp: 16.0.9 (/opt/ros/humble/share/rclcpp/cmake)
-- Found rosidl_generator_c: 3.1.5 (/opt/ros/humble/share/rosidl_generator_c/cmake)
-- Found rosidl_adapter: 3.1.5 (/opt/ros/humble/share/rosidl_adapter/cmake)
-- Found rosidl_generator_cpp: 3.1.5 (/opt/ros/humble/share/rosidl_generator_cpp/cmake)
-- Using all available rosidl_typesupport_c: rosidl_typesupport_fastrtps_c;rosidl_typesupport_introspection_c
-- Using all available rosidl_typesupport_cpp: rosidl_typesupport_fastrtps_cpp;rosidl_typesupport_introspection_cpp
-- Found rmw_implementation_cmake: 6.1.2 (/opt/ros/humble/share/rmw_implementation_cmake/cmake)
-- Found rmw_fastrtps_cpp: 6.2.6 (/opt/ros/humble/share/rmw_fastrtps_cpp/cmake)
-- Found OpenSSL: /usr/lib/x86_64-linux-gnu/libcrypto.so (found version "3.0.2")  
-- Found FastRTPS: /opt/ros/humble/include  
-- Using RMW implementation 'rmw_fastrtps_cpp' as default
-- Looking for pthread.h
-- Looking for pthread.h - found
-- Performing Test CMAKE_HAVE_LIBC_PTHREAD
-- Performing Test CMAKE_HAVE_LIBC_PTHREAD - Success
-- Found Threads: TRUE  
-- Found visualization_msgs: 4.2.4 (/opt/ros/humble/share/visualization_msgs/cmake)
-- Found nav_msgs: 4.2.4 (/opt/ros/humble/share/nav_msgs/cmake)
-- Found tf2_ros: 0.25.7 (/opt/ros/humble/share/tf2_ros/cmake)
-- Found tf2_geometry_msgs: 0.25.7 (/opt/ros/humble/share/tf2_geometry_msgs/cmake)
-- Found eigen3_cmake_module: 0.1.1 (/opt/ros/humble/share/eigen3_cmake_module/cmake)
-- Found Eigen3: TRUE (found version "3.4.0") 
-- Ensuring Eigen3 include directory is part of orocos-kdl CMake target
-- Configuring done
-- Generating done
-- Build files have been written to: /home/zeeshan/ros2_ws/build/my_planner
[35m[1mConsolidate compiler generated dependencies of target planner_node[0m
[ 20%] [32mBuilding CXX object CMakeFiles/planner_node.dir/src/planner_node.cpp.o[0m
[01m[K/home/zeeshan/ros2_ws/src/my_planner/src/planner_node.cpp:[m[K In constructor â€˜[01m[KPlannerNode::PlannerNode()[m[Kâ€™:
[01m[K/home/zeeshan/ros2_ws/src/my_planner/src/planner_node.cpp:8:71:[m[K [01;31m[Kerror: [m[Kclass â€˜[01m[KPlannerNode[m[Kâ€™ does not have any field named â€˜[01m[Kpath_ready_[m[Kâ€™
    8 | e::PlannerNode() : Node("planner_node"), current_index_(0), [01;31m[Kpath_ready_[m[K(false)
      |                                                             [01;31m[K^~~~~~~~~~~[m[K

[01m[K/home/zeeshan/ros2_ws/src/my_planner/src/planner_node.cpp:18:5:[m[K [01;31m[Kerror: [m[Kâ€˜[01m[Kstart_pose_subscriber_[m[Kâ€™ was not declared in this scope
   18 |     [01;31m[Kstart_pose_subscriber_[m[K = this->create_subscription<geometry_msgs::msg::PoseStamped>(
      |     [01;31m[K^~~~~~~~~~~~~~~~~~~~~~[m[K
[01m[K/home/zeeshan/ros2_ws/src/my_planner/src/planner_node.cpp:19:53:[m[K [01;31m[Kerror: [m[Kâ€˜[01m[KstartPoseCallback[m[Kâ€™ is not a member of â€˜[01m[KPlannerNode[m[Kâ€™
   19 |         "/initialpose", 10, std::bind(&PlannerNode::[01;31m[KstartPoseCallback[m[K, this, std::placeholders::_1));
      |                                                     [01;31m[K^~~~~~~~~~~~~~~~~[m[K
[01m[K/home/zeeshan/ros2_ws/src/my_planner/src/planner_node.cpp:[m[K In member function â€˜[01m[Kvoid PlannerNode::plan()[m[Kâ€™:
[01m[K/home/zeeshan/ros2_ws/src/my_planner/src/planner_node.cpp:35:5:[m[K [01;31m[Kerror: [m[Kâ€˜[01m[Kpath_ready_[m[Kâ€™ was not declared in this scope; did you mean â€˜[01m[Kpthread_t[m[Kâ€™?
   35 |     [01;31m[Kpath_ready_[m[K = true;  // Enable the robot to start moving
      |     [01;31m[K^~~~~~~~~~~[m[K
      |     [32m[Kpthread_t[m[K
[01m[K/home/zeeshan/ros2_ws/src/my_planner/src/planner_node.cpp:[m[K In member function â€˜[01m[Kvoid PlannerNode::updateRobotPosition()[m[Kâ€™:
[01m[K/home/zeeshan/ros2_ws/src/my_planner/src/planner_node.cpp:40:9:[m[K [01;31m[Kerror: [m[Kâ€˜[01m[Kpath_ready_[m[Kâ€™ was not declared in this scope; did you mean â€˜[01m[Kpthread_t[m[Kâ€™?
   40 |     if ([01;31m[Kpath_ready_[m[K && current_index_ < path_.size())
      |         [01;31m[K^~~~~~~~~~~[m[K
      |         [32m[Kpthread_t[m[K
[01m[K/home/zeeshan/ros2_ws/src/my_planner/src/planner_node.cpp:[m[K At global scope:
[01m[K/home/zeeshan/ros2_ws/src/my_planner/src/planner_node.cpp:66:6:[m[K [01;31m[Kerror: [m[Kno declaration matches â€˜[01m[Kvoid PlannerNode::startPoseCallback(geometry_msgs::msg::PoseStamped_<std::allocator<void> >::SharedPtr)[m[Kâ€™
   66 | void [01;31m[KPlannerNode[m[K::startPoseCallback(const geometry_msgs::msg::PoseStamped::SharedPtr msg)
      |      [01;31m[K^~~~~~~~~~~[m[K
[01m[K/home/zeeshan/ros2_ws/src/my_planner/src/planner_node.cpp:66:6:[m[K [01;36m[Knote: [m[Kno functions named â€˜[01m[Kvoid PlannerNode::startPoseCallback(geometry_msgs::msg::PoseStamped_<std::allocator<void> >::SharedPtr)[m[Kâ€™
In file included from [01m[K/home/zeeshan/ros2_ws/src/my_planner/src/planner_node.cpp:1[m[K:
[01m[K/home/zeeshan/ros2_ws/src/my_planner/include/planner_node.hpp:11:7:[m[K [01;36m[Knote: [m[Kâ€˜[01m[Kclass PlannerNode[m[Kâ€™ defined here
   11 | class [01;36m[KPlannerNode[m[K : public rclcpp::Node
      |       [01;36m[K^~~~~~~~~~~[m[K
gmake[2]: *** [CMakeFiles/planner_node.dir/build.make:76: CMakeFiles/planner_node.dir/src/planner_node.cpp.o] Error 1
gmake[1]: *** [CMakeFiles/Makefile2:137: CMakeFiles/planner_node.dir/all] Error 2
gmake: *** [Makefile:146: all] Error 2
