[01m[K/home/zeeshan/ros2_ws/src/simple_planner/src/simple_planner.cpp:[m[K In member function â€˜[01m[Kvoid SimplePlanner::publish_velocity_to_goal(const TransformStamped&, const PoseStamped&)[m[Kâ€™:
[01m[K/home/zeeshan/ros2_ws/src/simple_planner/src/simple_planner.cpp:149:57:[m[K [01;31m[Kerror: [m[Kâ€˜[01m[KgetYaw[m[Kâ€™ is not a member of â€˜[01m[Ktf2[m[Kâ€™
  149 |             double angle_to_goal = atan2(dy, dx) - tf2::[01;31m[KgetYaw[m[K(current_pose.transform.rotation);
      |                                                         [01;31m[K^~~~~~[m[K
[01m[K/home/zeeshan/ros2_ws/src/simple_planner/src/simple_planner.cpp:[m[K In function â€˜[01m[Kint main(int, char**)[m[Kâ€™:
[01m[K/home/zeeshan/ros2_ws/src/simple_planner/src/simple_planner.cpp:197:14:[m[K [01;31m[Kerror: [m[Kexpected â€˜[01m[K}[m[Kâ€™ at end of input
  197 |     return 0;
      |              [01;31m[K^[m[K
[01m[K/home/zeeshan/ros2_ws/src/simple_planner/src/simple_planner.cpp:193:34:[m[K [01;36m[Knote: [m[Kto match this â€˜[01m[K{[m[Kâ€™
  193 | int main(int argc, char ** argv) [01;36m[K{[m[K
      |                                  [01;36m[K^[m[K
gmake[2]: *** [CMakeFiles/simple_planner.dir/build.make:76: CMakeFiles/simple_planner.dir/src/simple_planner.cpp.o] Error 1
gmake[1]: *** [CMakeFiles/Makefile2:137: CMakeFiles/simple_planner.dir/all] Error 2
gmake: *** [Makefile:146: all] Error 2
