[0.092s] Invoking command in '/home/zeeshan/ros2_ws/build/simple_planner': CMAKE_PREFIX_PATH=${CMAKE_PREFIX_PATH}:/opt/ros/humble /usr/bin/cmake --build /home/zeeshan/ros2_ws/build/simple_planner -- -j4 -l4
[0.157s] -- Found ament_cmake: 1.3.9 (/opt/ros/humble/share/ament_cmake/cmake)
[0.452s] -- Found rclcpp: 16.0.9 (/opt/ros/humble/share/rclcpp/cmake)
[0.510s] -- Found rosidl_generator_c: 3.1.5 (/opt/ros/humble/share/rosidl_generator_c/cmake)
[0.516s] -- Found rosidl_adapter: 3.1.5 (/opt/ros/humble/share/rosidl_adapter/cmake)
[0.528s] -- Found rosidl_generator_cpp: 3.1.5 (/opt/ros/humble/share/rosidl_generator_cpp/cmake)
[0.554s] -- Using all available rosidl_typesupport_c: rosidl_typesupport_fastrtps_c;rosidl_typesupport_introspection_c
[0.590s] -- Using all available rosidl_typesupport_cpp: rosidl_typesupport_fastrtps_cpp;rosidl_typesupport_introspection_cpp
[0.728s] -- Found rmw_implementation_cmake: 6.1.2 (/opt/ros/humble/share/rmw_implementation_cmake/cmake)
[0.731s] -- Found rmw_fastrtps_cpp: 6.2.6 (/opt/ros/humble/share/rmw_fastrtps_cpp/cmake)
[0.968s] -- Using RMW implementation 'rmw_fastrtps_cpp' as default
[1.342s] -- Found geometry_msgs: 4.2.4 (/opt/ros/humble/share/geometry_msgs/cmake)
[1.445s] -- Found nav_msgs: 4.2.4 (/opt/ros/humble/share/nav_msgs/cmake)
[1.652s] -- Found tf2_ros: 0.25.7 (/opt/ros/humble/share/tf2_ros/cmake)
[2.463s] -- Found tf2_geometry_msgs: 0.25.7 (/opt/ros/humble/share/tf2_geometry_msgs/cmake)
[2.472s] -- Found eigen3_cmake_module: 0.1.1 (/opt/ros/humble/share/eigen3_cmake_module/cmake)
[2.475s] -- Ensuring Eigen3 include directory is part of orocos-kdl CMake target
[2.498s] -- Found visualization_msgs: 4.2.4 (/opt/ros/humble/share/visualization_msgs/cmake)
[3.071s] -- Found ament_lint_auto: 0.12.11 (/opt/ros/humble/share/ament_lint_auto/cmake)
[3.198s] -- Configuring done
[3.230s] -- Generating done
[3.233s] -- Build files have been written to: /home/zeeshan/ros2_ws/build/simple_planner
[3.289s] [35m[1mConsolidate compiler generated dependencies of target simple_planner[0m
[3.346s] [ 40%] [32mBuilding CXX object CMakeFiles/simple_planner.dir/src/search.cpp.o[0m
[3.347s] [ 60%] [32mBuilding CXX object CMakeFiles/simple_planner.dir/src/distance_map.cpp.o[0m
[3.348s] [ 60%] [32mBuilding CXX object CMakeFiles/simple_planner.dir/src/simple_planner.cpp.o[0m
[3.349s] [ 80%] [32mBuilding CXX object CMakeFiles/simple_planner.dir/src/utils.cpp.o[0m
[13.326s] [01m[K/home/zeeshan/ros2_ws/src/simple_planner/src/simple_planner.cpp:[m[K In member function â€˜[01m[Kvoid SimplePlanner::publish_velocity_to_goal(const TransformStamped&, const PoseStamped&)[m[Kâ€™:
[13.326s] [01m[K/home/zeeshan/ros2_ws/src/simple_planner/src/simple_planner.cpp:149:57:[m[K [01;31m[Kerror: [m[Kâ€˜[01m[KgetYaw[m[Kâ€™ is not a member of â€˜[01m[Ktf2[m[Kâ€™
[13.326s]   149 |             double angle_to_goal = atan2(dy, dx) - tf2::[01;31m[KgetYaw[m[K(current_pose.transform.rotation);
[13.327s]       |                                                         [01;31m[K^~~~~~[m[K
[13.388s] [01m[K/home/zeeshan/ros2_ws/src/simple_planner/src/simple_planner.cpp:[m[K In function â€˜[01m[Kint main(int, char**)[m[Kâ€™:
[13.388s] [01m[K/home/zeeshan/ros2_ws/src/simple_planner/src/simple_planner.cpp:197:14:[m[K [01;31m[Kerror: [m[Kexpected â€˜[01m[K}[m[Kâ€™ at end of input
[13.388s]   197 |     return 0;
[13.388s]       |              [01;31m[K^[m[K
[13.388s] [01m[K/home/zeeshan/ros2_ws/src/simple_planner/src/simple_planner.cpp:193:34:[m[K [01;36m[Knote: [m[Kto match this â€˜[01m[K{[m[Kâ€™
[13.388s]   193 | int main(int argc, char ** argv) [01;36m[K{[m[K
[13.388s]       |                                  [01;36m[K^[m[K
[22.956s] gmake[2]: *** [CMakeFiles/simple_planner.dir/build.make:76: CMakeFiles/simple_planner.dir/src/simple_planner.cpp.o] Error 1
[22.957s] gmake[1]: *** [CMakeFiles/Makefile2:137: CMakeFiles/simple_planner.dir/all] Error 2
[22.957s] gmake: *** [Makefile:146: all] Error 2
[22.961s] Invoked command in '/home/zeeshan/ros2_ws/build/simple_planner' returned '2': CMAKE_PREFIX_PATH=${CMAKE_PREFIX_PATH}:/opt/ros/humble /usr/bin/cmake --build /home/zeeshan/ros2_ws/build/simple_planner -- -j4 -l4
