[01m[K/home/zeeshan/ros2_ws/src/my_planner/src/visualizer.cpp:[m[K In static member function â€˜[01m[Kstatic visualization_msgs::msg::MarkerArray Visualizer::createPathMarkers(const std::vector<std::pair<int, int> >&, float, float, float)[m[Kâ€™:
[01m[K/home/zeeshan/ros2_ws/src/my_planner/src/visualizer.cpp:11:31:[m[K [01;31m[Kerror: [m[Kâ€˜[01m[Krclcpp[m[Kâ€™ has not been declared
   11 |         marker.header.stamp = [01;31m[Krclcpp[m[K::Clock().now();
      |                               [01;31m[K^~~~~~[m[K
gmake[2]: *** [CMakeFiles/planner_node.dir/build.make:118: CMakeFiles/planner_node.dir/src/visualizer.cpp.o] Error 1
gmake[2]: *** Waiting for unfinished jobs....
gmake[1]: *** [CMakeFiles/Makefile2:137: CMakeFiles/planner_node.dir/all] Error 2
gmake: *** [Makefile:146: all] Error 2
