[ 20%] [32mBuilding CXX object CMakeFiles/simple_planner.dir/src/simple_planner.cpp.o[0m
[01m[K/home/zeeshan/ros2_ws/src/simple_planner/src/simple_planner.cpp:[m[K In function â€˜[01m[Kint main(int, char**)[m[Kâ€™:
[01m[K/home/zeeshan/ros2_ws/src/simple_planner/src/simple_planner.cpp:182:14:[m[K [01;31m[Kerror: [m[Kexpected â€˜[01m[K}[m[Kâ€™ at end of input
  182 |     return 0;
      |              [01;31m[K^[m[K
[01m[K/home/zeeshan/ros2_ws/src/simple_planner/src/simple_planner.cpp:178:34:[m[K [01;36m[Knote: [m[Kto match this â€˜[01m[K{[m[Kâ€™
  178 | int main(int argc, char ** argv) [01;36m[K{[m[K
      |                                  [01;36m[K^[m[K
gmake[2]: *** [CMakeFiles/simple_planner.dir/build.make:76: CMakeFiles/simple_planner.dir/src/simple_planner.cpp.o] Error 1
gmake[1]: *** [CMakeFiles/Makefile2:137: CMakeFiles/simple_planner.dir/all] Error 2
gmake: *** [Makefile:146: all] Error 2
