[0.086s] Invoking command in '/home/zeeshan/ros2_ws/build/simple_planner': CMAKE_PREFIX_PATH=${CMAKE_PREFIX_PATH}:/opt/ros/humble /usr/bin/cmake --build /home/zeeshan/ros2_ws/build/simple_planner -- -j4 -l4
[0.307s] [ 20%] [32mBuilding CXX object CMakeFiles/simple_planner.dir/src/simple_planner.cpp.o[0m
[9.868s] [01m[K/home/zeeshan/ros2_ws/src/simple_planner/src/simple_planner.cpp:[m[K In function â€˜[01m[Kint main(int, char**)[m[Kâ€™:
[9.868s] [01m[K/home/zeeshan/ros2_ws/src/simple_planner/src/simple_planner.cpp:182:14:[m[K [01;31m[Kerror: [m[Kexpected â€˜[01m[K}[m[Kâ€™ at end of input
[9.868s]   182 |     return 0;
[9.868s]       |              [01;31m[K^[m[K
[9.868s] [01m[K/home/zeeshan/ros2_ws/src/simple_planner/src/simple_planner.cpp:178:34:[m[K [01;36m[Knote: [m[Kto match this â€˜[01m[K{[m[Kâ€™
[9.868s]   178 | int main(int argc, char ** argv) [01;36m[K{[m[K
[9.869s]       |                                  [01;36m[K^[m[K
[19.123s] gmake[2]: *** [CMakeFiles/simple_planner.dir/build.make:76: CMakeFiles/simple_planner.dir/src/simple_planner.cpp.o] Error 1
[19.124s] gmake[1]: *** [CMakeFiles/Makefile2:137: CMakeFiles/simple_planner.dir/all] Error 2
[19.124s] gmake: *** [Makefile:146: all] Error 2
[19.128s] Invoked command in '/home/zeeshan/ros2_ws/build/simple_planner' returned '2': CMAKE_PREFIX_PATH=${CMAKE_PREFIX_PATH}:/opt/ros/humble /usr/bin/cmake --build /home/zeeshan/ros2_ws/build/simple_planner -- -j4 -l4
