[0.053s] Invoking command in '/home/zeeshan/ros2_ws/build/simple_planner': CMAKE_PREFIX_PATH=/opt/ros/humble /usr/bin/cmake --build /home/zeeshan/ros2_ws/build/simple_planner -- -j4 -l4
[0.159s] [35m[1mConsolidate compiler generated dependencies of target simple_planner[0m
[0.226s] [ 20%] [32mBuilding CXX object CMakeFiles/simple_planner.dir/src/simple_planner.cpp.o[0m
[0.226s] [ 40%] [32mBuilding CXX object CMakeFiles/simple_planner.dir/src/distance_map.cpp.o[0m
[0.229s] [ 60%] [32mBuilding CXX object CMakeFiles/simple_planner.dir/src/search.cpp.o[0m
[0.234s] [ 80%] [32mBuilding CXX object CMakeFiles/simple_planner.dir/src/utils.cpp.o[0m
[3.896s] In file included from [01m[K/home/zeeshan/ros2_ws/src/simple_planner/src/search.hpp:7[m[K,
[3.896s]                  from [01m[K/home/zeeshan/ros2_ws/src/simple_planner/src/search.cpp:1[m[K:
[3.897s] [01m[K/home/zeeshan/ros2_ws/src/simple_planner/src/utils.hpp:13:83:[m[K [01;31m[Kerror: [m[Kâ€˜[01m[KNode[m[Kâ€™ has not been declared
[3.897s]    13 |     void save_explored_nodes(cv::Mat map, std::vector<std::vector<bool>> visited, [01;31m[KNode[m[K root, Node goal);
[3.897s]       |                                                                                   [01;31m[K^~~~[m[K
[3.897s] [01m[K/home/zeeshan/ros2_ws/src/simple_planner/src/utils.hpp:13:94:[m[K [01;31m[Kerror: [m[Kâ€˜[01m[KNode[m[Kâ€™ has not been declared
[3.897s]    13 |     void save_explored_nodes(cv::Mat map, std::vector<std::vector<bool>> visited, Node root, [01;31m[KNode[m[K goal);
[3.897s]       |                                                                                              [01;31m[K^~~~[m[K
[3.900s] [01m[K/home/zeeshan/ros2_ws/src/simple_planner/src/search.cpp:[m[K In function â€˜[01m[Kplanner::Node planner::search(planner::Node&, planner::Node&, cv::Mat)[m[Kâ€™:
[3.900s] [01m[K/home/zeeshan/ros2_ws/src/simple_planner/src/search.cpp:25:9:[m[K [01;31m[Kerror: [m[Kâ€˜[01m[Kvector[m[Kâ€™ was not declared in this scope
[3.901s]    25 |         [01;31m[Kvector[m[K<pair<int, int>> movements = { {-1, 0}, {1, 0},  {0, -1}, {0, 1} };  // 4-way movement
[3.901s]       |         [01;31m[K^~~~~~[m[K
[3.901s] [01m[K/home/zeeshan/ros2_ws/src/simple_planner/src/search.cpp:25:9:[m[K [01;36m[Knote: [m[Ksuggested alternatives:
[3.901s] In file included from [01m[K/usr/include/c++/11/vector:67[m[K,
[3.901s]                  from [01m[K/home/zeeshan/ros2_ws/src/simple_planner/src/search.hpp:4[m[K,
[3.902s]                  from [01m[K/home/zeeshan/ros2_ws/src/simple_planner/src/search.cpp:1[m[K:
[3.902s] [01m[K/usr/include/c++/11/bits/stl_vector.h:389:11:[m[K [01;36m[Knote: [m[K  â€˜[01m[Kstd::vector[m[Kâ€™
[3.902s]   389 |     class [01;36m[Kvector[m[K : protected _Vector_base<_Tp, _Alloc>
[3.902s]       |           [01;36m[K^~~~~~[m[K
[3.902s] In file included from [01m[K/home/zeeshan/ros2_ws/src/simple_planner/src/search.hpp:4[m[K,
[3.902s]                  from [01m[K/home/zeeshan/ros2_ws/src/simple_planner/src/search.cpp:1[m[K:
[3.902s] [01m[K/usr/include/c++/11/vector:86:13:[m[K [01;36m[Knote: [m[K  â€˜[01m[Kstd::pmr::vector[m[Kâ€™
[3.903s]    86 |       using [01;36m[Kvector[m[K = std::vector<_Tp, polymorphic_allocator<_Tp>>;
[3.903s]       |             [01;36m[K^~~~~~[m[K
[3.904s] [01m[K/home/zeeshan/ros2_ws/src/simple_planner/src/search.cpp:25:16:[m[K [01;31m[Kerror: [m[Kâ€˜[01m[Kpair[m[Kâ€™ was not declared in this scope; did you mean â€˜[01m[Kstd::pair[m[Kâ€™?
[3.904s]    25 |         vector<[01;31m[Kpair[m[K<int, int>> movements = { {-1, 0}, {1, 0},  {0, -1}, {0, 1} };  // 4-way movement
[3.904s]       |                [01;31m[K^~~~[m[K
[3.904s]       |                [32m[Kstd::pair[m[K
[3.905s] In file included from [01m[K/usr/include/c++/11/bits/stl_algobase.h:64[m[K,
[3.905s]                  from [01m[K/usr/include/c++/11/vector:60[m[K,
[3.905s]                  from [01m[K/home/zeeshan/ros2_ws/src/simple_planner/src/search.hpp:4[m[K,
[3.905s]                  from [01m[K/home/zeeshan/ros2_ws/src/simple_planner/src/search.cpp:1[m[K:
[3.905s] [01m[K/usr/include/c++/11/bits/stl_pair.h:211:12:[m[K [01;36m[Knote: [m[Kâ€˜[01m[Kstd::pair[m[Kâ€™ declared here
[3.905s]   211 |     struct [01;36m[Kpair[m[K
[3.906s]       |            [01;36m[K^~~~[m[K
[3.906s] [01m[K/home/zeeshan/ros2_ws/src/simple_planner/src/search.cpp:25:21:[m[K [01;31m[Kerror: [m[Kexpected primary-expression before â€˜[01m[Kint[m[Kâ€™
[3.906s]    25 |         vector<pair<[01;31m[Kint[m[K, int>> movements = { {-1, 0}, {1, 0},  {0, -1}, {0, 1} };  // 4-way movement
[3.906s]       |                     [01;31m[K^~~[m[K
[3.907s] [01m[K/home/zeeshan/ros2_ws/src/simple_planner/src/search.cpp:26:9:[m[K [01;31m[Kerror: [m[Kâ€˜[01m[Kpriority_queue[m[Kâ€™ was not declared in this scope; did you mean â€˜[01m[Kstd::priority_queue[m[Kâ€™?
[3.908s]    26 |         [01;31m[Kpriority_queue[m[K<Node*, vector<Node*>, NodeComparator> frontier;
[3.908s]       |         [01;31m[K^~~~~~~~~~~~~~[m[K
[3.908s]       |         [32m[Kstd::priority_queue[m[K
[3.909s] In file included from [01m[K/usr/include/c++/11/queue:64[m[K,
[3.909s]                  from [01m[K/usr/include/opencv4/opencv2/stitching/detail/util_inl.hpp:46[m[K,
[3.909s]                  from [01m[K/usr/include/opencv4/opencv2/stitching/detail/util.hpp:119[m[K,
[3.909s]                  from [01m[K/usr/include/opencv4/opencv2/stitching/detail/motion_estimators.hpp:48[m[K,
[3.909s]                  from [01m[K/usr/include/opencv4/opencv2/stitching.hpp:50[m[K,
[3.909s]                  from [01m[K/usr/include/opencv4/opencv2/opencv.hpp:86[m[K,
[3.909s]                  from [01m[K/home/zeeshan/ros2_ws/src/simple_planner/src/search.hpp:5[m[K,
[3.910s]                  from [01m[K/home/zeeshan/ros2_ws/src/simple_planner/src/search.cpp:1[m[K:
[3.910s] [01m[K/usr/include/c++/11/bits/stl_queue.h:456:11:[m[K [01;36m[Knote: [m[Kâ€˜[01m[Kstd::priority_queue[m[Kâ€™ declared here
[3.910s]   456 |     class [01;36m[Kpriority_queue[m[K
[3.910s]       |           [01;36m[K^~~~~~~~~~~~~~[m[K
[3.910s] [01m[K/home/zeeshan/ros2_ws/src/simple_planner/src/search.cpp:26:28:[m[K [01;31m[Kerror: [m[Kexpected primary-expression before â€˜[01m[K*[m[Kâ€™ token
[3.910s]    26 |         priority_queue<Node[01;31m[K*[m[K, vector<Node*>, NodeComparator> frontier;
[3.910s]       |                            [01;31m[K^[m[K
[3.911s] [01m[K/home/zeeshan/ros2_ws/src/simple_planner/src/search.cpp:26:29:[m[K [01;31m[Kerror: [m[Kexpected primary-expression before â€˜[01m[K,[m[Kâ€™ token
[3.911s]    26 |         priority_queue<Node*[01;31m[K,[m[K vector<Node*>, NodeComparator> frontier;
[3.911s]       |                             [01;31m[K^[m[K
[3.911s] [01m[K/home/zeeshan/ros2_ws/src/simple_planner/src/search.cpp:26:42:[m[K [01;31m[Kerror: [m[Kexpected primary-expression before â€˜[01m[K*[m[Kâ€™ token
[3.911s]    26 |         priority_queue<Node*, vector<Node[01;31m[K*[m[K>, NodeComparator> frontier;
[3.911s]       |                                          [01;31m[K^[m[K
[3.912s] [01m[K/home/zeeshan/ros2_ws/src/simple_planner/src/search.cpp:26:43:[m[K [01;31m[Kerror: [m[Kexpected primary-expression before â€˜[01m[K>[m[Kâ€™ token
[3.912s]    26 |         priority_queue<Node*, vector<Node*[01;31m[K>[m[K, NodeComparator> frontier;
[3.912s]       |                                           [01;31m[K^[m[K
[3.912s] [01m[K/home/zeeshan/ros2_ws/src/simple_planner/src/search.cpp:26:44:[m[K [01;31m[Kerror: [m[Kexpected primary-expression before â€˜[01m[K,[m[Kâ€™ token
[3.912s]    26 |         priority_queue<Node*, vector<Node*>[01;31m[K,[m[K NodeComparator> frontier;
[3.912s]       |                                            [01;31m[K^[m[K
[3.912s] [01m[K/home/zeeshan/ros2_ws/src/simple_planner/src/search.cpp:26:60:[m[K [01;31m[Kerror: [m[Kexpected primary-expression before â€˜[01m[K>[m[Kâ€™ token
[3.913s]    26 |         priority_queue<Node*, vector<Node*>, NodeComparator[01;31m[K>[m[K frontier;
[3.913s]       |                                                            [01;31m[K^[m[K
[3.920s] [01m[K/home/zeeshan/ros2_ws/src/simple_planner/src/search.cpp:26:62:[m[K [01;31m[Kerror: [m[Kâ€˜[01m[Kfrontier[m[Kâ€™ was not declared in this scope
[3.920s]    26 |         priority_queue<Node*, vector<Node*>, NodeComparator> [01;31m[Kfrontier[m[K;
[3.920s]       |                                                              [01;31m[K^~~~~~~~[m[K
[3.920s] [01m[K/home/zeeshan/ros2_ws/src/simple_planner/src/search.cpp:27:23:[m[K [01;31m[Kerror: [m[Kexpected primary-expression before â€˜[01m[Kbool[m[Kâ€™
[3.921s]    27 |         vector<vector<[01;31m[Kbool[m[K>> visited(distance_map.rows, vector<bool>(distance_map.cols, false));
[3.921s]       |                       [01;31m[K^~~~[m[K
[3.930s] [01m[K/home/zeeshan/ros2_ws/src/simple_planner/src/search.cpp:31:9:[m[K [01;31m[Kerror: [m[Kâ€˜[01m[Kvisited[m[Kâ€™ was not declared in this scope
[3.930s]    31 |         [01;31m[Kvisited[m[K[root.row][root.col] = true;
[3.931s]       |         [01;31m[K^~~~~~~[m[K
[3.942s] [01m[K/home/zeeshan/ros2_ws/src/simple_planner/src/search.cpp:42:37:[m[K [01;31m[Kerror: [m[Kâ€˜[01m[Kmovements[m[Kâ€™ was not declared in this scope
[3.942s]    42 |             for (const auto& move : [01;31m[Kmovements[m[K) {
[3.942s]       |                                     [01;31m[K^~~~~~~~~[m[K
[5.004s] gmake[2]: *** [CMakeFiles/simple_planner.dir/build.make:90: CMakeFiles/simple_planner.dir/src/search.cpp.o] Error 1
[5.004s] gmake[2]: *** Waiting for unfinished jobs....
[9.030s] In file included from [01m[K/home/zeeshan/ros2_ws/src/simple_planner/src/search.hpp:7[m[K,
[9.031s]                  from [01m[K/home/zeeshan/ros2_ws/src/simple_planner/src/simple_planner.cpp:13[m[K:
[9.031s] [01m[K/home/zeeshan/ros2_ws/src/simple_planner/src/utils.hpp:13:83:[m[K [01;31m[Kerror: [m[Kâ€˜[01m[KNode[m[Kâ€™ has not been declared
[9.031s]    13 | _nodes(cv::Mat map, std::vector<std::vector<bool>> visited, [01;31m[KNode[m[K root, Node goal);
[9.031s]       |                                                             [01;31m[K^~~~[m[K
[9.031s] 
[9.031s] [01m[K/home/zeeshan/ros2_ws/src/simple_planner/src/utils.hpp:13:94:[m[K [01;31m[Kerror: [m[Kâ€˜[01m[KNode[m[Kâ€™ has not been declared
[9.031s]    13 | Mat map, std::vector<std::vector<bool>> visited, Node root, [01;31m[KNode[m[K goal);
[9.032s]       |                                                             [01;31m[K^~~~[m[K
[9.032s] 
[17.929s] gmake[2]: *** [CMakeFiles/simple_planner.dir/build.make:76: CMakeFiles/simple_planner.dir/src/simple_planner.cpp.o] Error 1
[17.929s] gmake[1]: *** [CMakeFiles/Makefile2:137: CMakeFiles/simple_planner.dir/all] Error 2
[17.930s] gmake: *** [Makefile:146: all] Error 2
[17.933s] Invoked command in '/home/zeeshan/ros2_ws/build/simple_planner' returned '2': CMAKE_PREFIX_PATH=/opt/ros/humble /usr/bin/cmake --build /home/zeeshan/ros2_ws/build/simple_planner -- -j4 -l4
