[0.053s] Invoking command in '/home/zeeshan/ros2_ws/build/simple_planner': CMAKE_PREFIX_PATH=${CMAKE_PREFIX_PATH}:/opt/ros/humble /usr/bin/cmake --build /home/zeeshan/ros2_ws/build/simple_planner -- -j4 -l4
[0.228s] [35m[1mConsolidate compiler generated dependencies of target simple_planner[0m
[0.368s] [ 20%] [32mBuilding CXX object CMakeFiles/simple_planner.dir/src/simple_planner.cpp.o[0m
[11.665s] [01m[K/home/zeeshan/ros2_ws/src/simple_planner/src/simple_planner.cpp:[m[K In member function â€˜[01m[Kvoid SimplePlanner::publish_velocity_to_goal(const TransformStamped&, const PoseStamped&)[m[Kâ€™:
[11.665s] [01m[K/home/zeeshan/ros2_ws/src/simple_planner/src/simple_planner.cpp:149:57:[m[K [01;31m[Kerror: [m[Kâ€˜[01m[KgetYaw[m[Kâ€™ is not a member of â€˜[01m[Ktf2[m[Kâ€™
[11.666s]   149 |             double angle_to_goal = atan2(dy, dx) - tf2::[01;31m[KgetYaw[m[K(current_pose.transform.rotation);
[11.666s]       |                                                         [01;31m[K^~~~~~[m[K
[21.196s] gmake[2]: *** [CMakeFiles/simple_planner.dir/build.make:76: CMakeFiles/simple_planner.dir/src/simple_planner.cpp.o] Error 1
[21.197s] gmake[1]: *** [CMakeFiles/Makefile2:137: CMakeFiles/simple_planner.dir/all] Error 2
[21.197s] gmake: *** [Makefile:146: all] Error 2
[21.201s] Invoked command in '/home/zeeshan/ros2_ws/build/simple_planner' returned '2': CMAKE_PREFIX_PATH=${CMAKE_PREFIX_PATH}:/opt/ros/humble /usr/bin/cmake --build /home/zeeshan/ros2_ws/build/simple_planner -- -j4 -l4
