[0.018s] Invoking command in '/home/zeeshan/ros2_ws/build/my_planner': CMAKE_PREFIX_PATH=${CMAKE_PREFIX_PATH}:/opt/ros/humble /usr/bin/cmake /home/zeeshan/ros2_ws/src/my_planner -DCMAKE_INSTALL_PREFIX=/home/zeeshan/ros2_ws/install/my_planner
[0.129s] -- The C compiler identification is GNU 11.4.0
[0.239s] -- The CXX compiler identification is GNU 11.4.0
[0.252s] -- Detecting C compiler ABI info
[0.381s] -- Detecting C compiler ABI info - done
[0.397s] -- Check for working C compiler: /usr/bin/cc - skipped
[0.398s] -- Detecting C compile features
[0.398s] -- Detecting C compile features - done
[0.404s] -- Detecting CXX compiler ABI info
[0.561s] -- Detecting CXX compiler ABI info - done
[0.577s] -- Check for working CXX compiler: /usr/bin/c++ - skipped
[0.578s] -- Detecting CXX compile features
[0.579s] -- Detecting CXX compile features - done
[0.583s] -- Found ament_cmake: 1.3.9 (/opt/ros/humble/share/ament_cmake/cmake)
[1.493s] -- Found Python3: /usr/bin/python3 (found version "3.10.12") found components: Interpreter 
[1.664s] -- Found rclcpp: 16.0.9 (/opt/ros/humble/share/rclcpp/cmake)
[1.742s] -- Found rosidl_generator_c: 3.1.5 (/opt/ros/humble/share/rosidl_generator_c/cmake)
[1.752s] -- Found rosidl_adapter: 3.1.5 (/opt/ros/humble/share/rosidl_adapter/cmake)
[1.768s] -- Found rosidl_generator_cpp: 3.1.5 (/opt/ros/humble/share/rosidl_generator_cpp/cmake)
[1.798s] -- Using all available rosidl_typesupport_c: rosidl_typesupport_fastrtps_c;rosidl_typesupport_introspection_c
[1.840s] -- Using all available rosidl_typesupport_cpp: rosidl_typesupport_fastrtps_cpp;rosidl_typesupport_introspection_cpp
[1.992s] -- Found rmw_implementation_cmake: 6.1.2 (/opt/ros/humble/share/rmw_implementation_cmake/cmake)
[1.997s] -- Found rmw_fastrtps_cpp: 6.2.6 (/opt/ros/humble/share/rmw_fastrtps_cpp/cmake)
[2.186s] -- Found OpenSSL: /usr/lib/x86_64-linux-gnu/libcrypto.so (found version "3.0.2")  
[2.232s] -- Found FastRTPS: /opt/ros/humble/include  
[2.320s] -- Using RMW implementation 'rmw_fastrtps_cpp' as default
[2.338s] -- Looking for pthread.h
[2.479s] -- Looking for pthread.h - found
[2.480s] -- Performing Test CMAKE_HAVE_LIBC_PTHREAD
[2.623s] -- Performing Test CMAKE_HAVE_LIBC_PTHREAD - Success
[2.625s] -- Found Threads: TRUE  
[3.017s] -- Found visualization_msgs: 4.2.4 (/opt/ros/humble/share/visualization_msgs/cmake)
[3.708s] -- Found nav_msgs: 4.2.4 (/opt/ros/humble/share/nav_msgs/cmake)
[3.925s] -- Found tf2_ros: 0.25.7 (/opt/ros/humble/share/tf2_ros/cmake)
[4.791s] -- Found tf2_geometry_msgs: 0.25.7 (/opt/ros/humble/share/tf2_geometry_msgs/cmake)
[4.818s] -- Found eigen3_cmake_module: 0.1.1 (/opt/ros/humble/share/eigen3_cmake_module/cmake)
[4.820s] -- Found Eigen3: TRUE (found version "3.4.0") 
[4.821s] -- Ensuring Eigen3 include directory is part of orocos-kdl CMake target
[4.981s] -- Configuring done
[5.008s] -- Generating done
[5.013s] -- Build files have been written to: /home/zeeshan/ros2_ws/build/my_planner
[5.036s] Invoked command in '/home/zeeshan/ros2_ws/build/my_planner' returned '0': CMAKE_PREFIX_PATH=${CMAKE_PREFIX_PATH}:/opt/ros/humble /usr/bin/cmake /home/zeeshan/ros2_ws/src/my_planner -DCMAKE_INSTALL_PREFIX=/home/zeeshan/ros2_ws/install/my_planner
[5.039s] Invoking command in '/home/zeeshan/ros2_ws/build/my_planner': CMAKE_PREFIX_PATH=${CMAKE_PREFIX_PATH}:/opt/ros/humble /usr/bin/cmake --build /home/zeeshan/ros2_ws/build/my_planner -- -j4 -l4
[5.119s] [35m[1mConsolidate compiler generated dependencies of target planner_node[0m
[5.140s] [ 20%] [32mBuilding CXX object CMakeFiles/planner_node.dir/src/planner_node.cpp.o[0m
[10.725s] [01m[K/home/zeeshan/ros2_ws/src/my_planner/src/planner_node.cpp:9:1:[m[K [01;31m[Kerror: [m[Kâ€˜[01m[KPlannerNode[m[Kâ€™ does not name a type
[10.725s]     9 | [01;31m[KPlannerNode[m[K::PlannerNode() : Node("planner_node"), current_index_(0)
[10.726s]       | [01;31m[K^~~~~~~~~~~[m[K
[10.726s] [01m[K/home/zeeshan/ros2_ws/src/my_planner/src/planner_node.cpp:20:6:[m[K [01;31m[Kerror: [m[Kâ€˜[01m[KPlannerNode[m[Kâ€™ has not been declared
[10.726s]    20 | void [01;31m[KPlannerNode[m[K::plan()
[10.726s]       |      [01;31m[K^~~~~~~~~~~[m[K
[10.733s] [01m[K/home/zeeshan/ros2_ws/src/my_planner/src/planner_node.cpp:[m[K In function â€˜[01m[Kvoid plan()[m[Kâ€™:
[10.733s] [01m[K/home/zeeshan/ros2_ws/src/my_planner/src/planner_node.cpp:22:3:[m[K [01;31m[Kerror: [m[Kâ€˜[01m[Kmap_[m[Kâ€™ was not declared in this scope
[10.733s]    22 |   [01;31m[Kmap_[m[K = std::make_shared<Map>(20, 20);
[10.733s]       |   [01;31m[K^~~~[m[K
[10.740s] [01m[K/home/zeeshan/ros2_ws/src/my_planner/src/planner_node.cpp:22:27:[m[K [01;31m[Kerror: [m[Kâ€˜[01m[KMap[m[Kâ€™ was not declared in this scope
[10.740s]    22 |   map_ = std::make_shared<[01;31m[KMap[m[K>(20, 20);
[10.740s]       |                           [01;31m[K^~~[m[K
[10.740s] [01m[K/home/zeeshan/ros2_ws/src/my_planner/src/planner_node.cpp:22:31:[m[K [01;31m[Kerror: [m[Kno matching function for call to â€˜[01m[Kmake_shared<<expression error> >(int, int)[m[Kâ€™
[10.740s]    22 |   map_ = [01;31m[Kstd::make_shared<Map>(20, 20)[m[K;
[10.740s]       |          [01;31m[K~~~~~~~~~~~~~~~~~~~~~^~~~~~~~[m[K
[10.741s] In file included from [01m[K/usr/include/c++/11/memory:77[m[K,
[10.741s]                  from [01m[K/opt/ros/humble/include/geometry_msgs/geometry_msgs/msg/detail/pose_stamped__struct.hpp:10[m[K,
[10.741s]                  from [01m[K/opt/ros/humble/include/geometry_msgs/geometry_msgs/msg/pose_stamped.hpp:7[m[K,
[10.741s]                  from [01m[K/home/zeeshan/ros2_ws/src/my_planner/src/planner_node.cpp:3[m[K:
[10.741s] [01m[K/usr/include/c++/11/bits/shared_ptr.h:875:5:[m[K [01;36m[Knote: [m[Kcandidate: â€˜[01m[Ktemplate<class _Tp, class ... _Args> std::shared_ptr<_Tp> std::make_shared(_Args&& ...)[m[Kâ€™
[10.741s]   875 |     [01;36m[Kmake_shared[m[K(_Args&&... __args)
[10.741s]       |     [01;36m[K^~~~~~~~~~~[m[K
[10.742s] [01m[K/usr/include/c++/11/bits/shared_ptr.h:875:5:[m[K [01;36m[Knote: [m[K  template argument deduction/substitution failed:
[10.742s] [01m[K/home/zeeshan/ros2_ws/src/my_planner/src/planner_node.cpp:22:31:[m[K [01;31m[Kerror: [m[Ktemplate argument 1 is invalid
[10.742s]    22 |   map_ = [01;31m[Kstd::make_shared<Map>(20, 20)[m[K;
[10.742s]       |          [01;31m[K~~~~~~~~~~~~~~~~~~~~~^~~~~~~~[m[K
[10.749s] [01m[K/home/zeeshan/ros2_ws/src/my_planner/src/planner_node.cpp:28:3:[m[K [01;31m[Kerror: [m[Kâ€˜[01m[Kstart_x_[m[Kâ€™ was not declared in this scope
[10.750s]    28 |   [01;31m[Kstart_x_[m[K = 0;
[10.750s]       |   [01;31m[K^~~~~~~~[m[K
[10.757s] [01m[K/home/zeeshan/ros2_ws/src/my_planner/src/planner_node.cpp:29:3:[m[K [01;31m[Kerror: [m[Kâ€˜[01m[Kstart_y_[m[Kâ€™ was not declared in this scope
[10.758s]    29 |   [01;31m[Kstart_y_[m[K = 0;
[10.758s]       |   [01;31m[K^~~~~~~~[m[K
[10.765s] [01m[K/home/zeeshan/ros2_ws/src/my_planner/src/planner_node.cpp:30:3:[m[K [01;31m[Kerror: [m[Kâ€˜[01m[Kgoal_x_[m[Kâ€™ was not declared in this scope
[10.766s]    30 |   [01;31m[Kgoal_x_[m[K = 15;
[10.766s]       |   [01;31m[K^~~~~~~[m[K
[10.773s] [01m[K/home/zeeshan/ros2_ws/src/my_planner/src/planner_node.cpp:31:3:[m[K [01;31m[Kerror: [m[Kâ€˜[01m[Kgoal_y_[m[Kâ€™ was not declared in this scope
[10.774s]    31 |   [01;31m[Kgoal_y_[m[K = 15;
[10.774s]       |   [01;31m[K^~~~~~~[m[K
[10.781s] [01m[K/home/zeeshan/ros2_ws/src/my_planner/src/planner_node.cpp:33:3:[m[K [01;31m[Kerror: [m[Kâ€˜[01m[Kpath_[m[Kâ€™ was not declared in this scope
[10.781s]    33 |   [01;31m[Kpath_[m[K = astar(*map_, start_x_, start_y_, goal_x_, goal_y_);
[10.781s]       |   [01;31m[K^~~~~[m[K
[10.788s] [01m[K/home/zeeshan/ros2_ws/src/my_planner/src/planner_node.cpp:33:11:[m[K [01;31m[Kerror: [m[Kâ€˜[01m[Kastar[m[Kâ€™ was not declared in this scope
[10.788s]    33 |   path_ = [01;31m[Kastar[m[K(*map_, start_x_, start_y_, goal_x_, goal_y_);
[10.788s]       |           [01;31m[K^~~~~[m[K
[10.788s] [01m[K/home/zeeshan/ros2_ws/src/my_planner/src/planner_node.cpp:35:18:[m[K [01;31m[Kerror: [m[Kâ€˜[01m[KVisualizer[m[Kâ€™ has not been declared
[10.789s]    35 |   auto markers = [01;31m[KVisualizer[m[K::createPathMarkers(path_);
[10.789s]       |                  [01;31m[K^~~~~~~~~~[m[K
[10.800s] [01m[K/home/zeeshan/ros2_ws/src/my_planner/src/planner_node.cpp:36:3:[m[K [01;31m[Kerror: [m[Kâ€˜[01m[Kmarker_publisher_[m[Kâ€™ was not declared in this scope; did you mean â€˜[01m[Krmw_publisher_t[m[Kâ€™?
[10.800s]    36 |   [01;31m[Kmarker_publisher_[m[K->publish(markers);
[10.800s]       |   [01;31m[K^~~~~~~~~~~~~~~~~[m[K
[10.800s]       |   [32m[Krmw_publisher_t[m[K
[10.800s] [01m[K/home/zeeshan/ros2_ws/src/my_planner/src/planner_node.cpp:[m[K At global scope:
[10.800s] [01m[K/home/zeeshan/ros2_ws/src/my_planner/src/planner_node.cpp:39:6:[m[K [01;31m[Kerror: [m[Kâ€˜[01m[KPlannerNode[m[Kâ€™ has not been declared
[10.800s]    39 | void [01;31m[KPlannerNode[m[K::updateRobotPosition()
[10.801s]       |      [01;31m[K^~~~~~~~~~~[m[K
[10.810s] [01m[K/home/zeeshan/ros2_ws/src/my_planner/src/planner_node.cpp:[m[K In function â€˜[01m[Kvoid updateRobotPosition()[m[Kâ€™:
[10.810s] [01m[K/home/zeeshan/ros2_ws/src/my_planner/src/planner_node.cpp:41:7:[m[K [01;31m[Kerror: [m[Kâ€˜[01m[Kcurrent_index_[m[Kâ€™ was not declared in this scope
[10.810s]    41 |   if ([01;31m[Kcurrent_index_[m[K < path_.size())
[10.811s]       |       [01;31m[K^~~~~~~~~~~~~~[m[K
[10.818s] [01m[K/home/zeeshan/ros2_ws/src/my_planner/src/planner_node.cpp:41:24:[m[K [01;31m[Kerror: [m[Kâ€˜[01m[Kpath_[m[Kâ€™ was not declared in this scope
[10.818s]    41 |   if (current_index_ < [01;31m[Kpath_[m[K.size())
[10.818s]       |                        [01;31m[K^~~~~[m[K
[10.818s] [01m[K/home/zeeshan/ros2_ws/src/my_planner/src/planner_node.cpp:45:31:[m[K [01;31m[Kerror: [m[Kinvalid use of â€˜[01m[Kthis[m[Kâ€™ in non-member function
[10.818s]    45 |     robot_pose.header.stamp = [01;31m[Kthis[m[K->get_clock()->now();
[10.818s]       |                               [01;31m[K^~~~[m[K
[10.829s] [01m[K/home/zeeshan/ros2_ws/src/my_planner/src/planner_node.cpp:51:5:[m[K [01;31m[Kerror: [m[Kâ€˜[01m[Krobot_publisher_[m[Kâ€™ was not declared in this scope; did you mean â€˜[01m[Krmw_publisher_t[m[Kâ€™?
[10.829s]    51 |     [01;31m[Krobot_publisher_[m[K->publish(robot_pose);
[10.829s]       |     [01;31m[K^~~~~~~~~~~~~~~~[m[K
[10.829s]       |     [32m[Krmw_publisher_t[m[K
[10.838s] [01m[K/home/zeeshan/ros2_ws/src/my_planner/src/planner_node.cpp:[m[K In function â€˜[01m[Kint main(int, char**)[m[Kâ€™:
[10.839s] [01m[K/home/zeeshan/ros2_ws/src/my_planner/src/planner_node.cpp:59:32:[m[K [01;31m[Kerror: [m[Kâ€˜[01m[KPlannerNode[m[Kâ€™ was not declared in this scope
[10.839s]    59 |   auto node = std::make_shared<[01;31m[KPlannerNode[m[K>();
[10.839s]       |                                [01;31m[K^~~~~~~~~~~[m[K
[10.839s] [01m[K/home/zeeshan/ros2_ws/src/my_planner/src/planner_node.cpp:59:44:[m[K [01;31m[Kerror: [m[Kno matching function for call to â€˜[01m[Kmake_shared<<expression error> >()[m[Kâ€™
[10.839s]    59 |   auto node = [01;31m[Kstd::make_shared<PlannerNode>()[m[K;
[10.839s]       |               [01;31m[K~~~~~~~~~~~~~~~~~~~~~~~~~~~~~^~[m[K
[10.839s] In file included from [01m[K/usr/include/c++/11/memory:77[m[K,
[10.840s]                  from [01m[K/opt/ros/humble/include/geometry_msgs/geometry_msgs/msg/detail/pose_stamped__struct.hpp:10[m[K,
[10.840s]                  from [01m[K/opt/ros/humble/include/geometry_msgs/geometry_msgs/msg/pose_stamped.hpp:7[m[K,
[10.840s]                  from [01m[K/home/zeeshan/ros2_ws/src/my_planner/src/planner_node.cpp:3[m[K:
[10.840s] [01m[K/usr/include/c++/11/bits/shared_ptr.h:875:5:[m[K [01;36m[Knote: [m[Kcandidate: â€˜[01m[Ktemplate<class _Tp, class ... _Args> std::shared_ptr<_Tp> std::make_shared(_Args&& ...)[m[Kâ€™
[10.840s]   875 |     [01;36m[Kmake_shared[m[K(_Args&&... __args)
[10.840s]       |     [01;36m[K^~~~~~~~~~~[m[K
[10.840s] [01m[K/usr/include/c++/11/bits/shared_ptr.h:875:5:[m[K [01;36m[Knote: [m[K  template argument deduction/substitution failed:
[10.841s] [01m[K/home/zeeshan/ros2_ws/src/my_planner/src/planner_node.cpp:59:44:[m[K [01;31m[Kerror: [m[Ktemplate argument 1 is invalid
[10.841s]    59 |   auto node = [01;31m[Kstd::make_shared<PlannerNode>()[m[K;
[10.841s]       |               [01;31m[K~~~~~~~~~~~~~~~~~~~~~~~~~~~~~^~[m[K
[11.755s] gmake[2]: *** [CMakeFiles/planner_node.dir/build.make:76: CMakeFiles/planner_node.dir/src/planner_node.cpp.o] Error 1
[11.755s] gmake[1]: *** [CMakeFiles/Makefile2:137: CMakeFiles/planner_node.dir/all] Error 2
[11.755s] gmake: *** [Makefile:146: all] Error 2
[11.759s] Invoked command in '/home/zeeshan/ros2_ws/build/my_planner' returned '2': CMAKE_PREFIX_PATH=${CMAKE_PREFIX_PATH}:/opt/ros/humble /usr/bin/cmake --build /home/zeeshan/ros2_ws/build/my_planner -- -j4 -l4
