[35m[1mConsolidate compiler generated dependencies of target simple_planner[0m
[ 20%] [32mBuilding CXX object CMakeFiles/simple_planner.dir/src/simple_planner.cpp.o[0m
[01m[K/home/zeeshan/ros2_ws/src/simple_planner/src/simple_planner.cpp:[m[K In constructor â€˜[01m[KSimplePlanner::SimplePlanner()[m[Kâ€™:
[01m[K/home/zeeshan/ros2_ws/src/simple_planner/src/simple_planner.cpp:193:136:[m[K [01;31m[Kerror: [m[Kâ€˜[01m[Kmap_received_callback[m[Kâ€™ is not a member of â€˜[01m[KSimplePlanner[m[Kâ€™
  193 | id>("map", qos.transient_local(), std::bind(&SimplePlanner::[01;31m[Kmap_received_callback[m[K, this, std::placeholders::_1));
      |                                                             [01;31m[K^~~~~~~~~~~~~~~~~~~~~[m[K

gmake[2]: *** [CMakeFiles/simple_planner.dir/build.make:76: CMakeFiles/simple_planner.dir/src/simple_planner.cpp.o] Error 1
gmake[1]: *** [CMakeFiles/Makefile2:137: CMakeFiles/simple_planner.dir/all] Error 2
gmake: *** [Makefile:146: all] Error 2
