[01m[K/home/zeeshan/ros2_ws/src/planner/src/planner_node.cpp:4:10:[m[K [01;31m[Kfatal error: [m[Ktf2_ros/buffer.h: No such file or directory
    4 | #include [01;31m[K"tf2_ros/buffer.h"[m[K
      |          [01;31m[K^~~~~~~~~~~~~~~~~~[m[K
compilation terminated.
gmake[2]: *** [CMakeFiles/planner_node.dir/build.make:76: CMakeFiles/planner_node.dir/src/planner_node.cpp.o] Error 1
gmake[1]: *** [CMakeFiles/Makefile2:137: CMakeFiles/planner_node.dir/all] Error 2
gmake: *** [Makefile:146: all] Error 2
