[0.020s] Invoking command in '/home/zeeshan/ros2_ws/build/my_planner': CMAKE_PREFIX_PATH=${CMAKE_PREFIX_PATH}:/opt/ros/humble /usr/bin/cmake /home/zeeshan/ros2_ws/src/my_planner -DCMAKE_INSTALL_PREFIX=/home/zeeshan/ros2_ws/install/my_planner
[0.131s] -- The C compiler identification is GNU 11.4.0
[0.238s] -- The CXX compiler identification is GNU 11.4.0
[0.251s] -- Detecting C compiler ABI info
[0.403s] -- Detecting C compiler ABI info - done
[0.420s] -- Check for working C compiler: /usr/bin/cc - skipped
[0.421s] -- Detecting C compile features
[0.422s] -- Detecting C compile features - done
[0.428s] -- Detecting CXX compiler ABI info
[0.584s] -- Detecting CXX compiler ABI info - done
[0.601s] -- Check for working CXX compiler: /usr/bin/c++ - skipped
[0.601s] -- Detecting CXX compile features
[0.602s] -- Detecting CXX compile features - done
[0.607s] -- Found ament_cmake: 1.3.9 (/opt/ros/humble/share/ament_cmake/cmake)
[1.502s] -- Found Python3: /usr/bin/python3 (found version "3.10.12") found components: Interpreter 
[1.669s] -- Found rclcpp: 16.0.9 (/opt/ros/humble/share/rclcpp/cmake)
[1.748s] -- Found rosidl_generator_c: 3.1.5 (/opt/ros/humble/share/rosidl_generator_c/cmake)
[1.757s] -- Found rosidl_adapter: 3.1.5 (/opt/ros/humble/share/rosidl_adapter/cmake)
[1.774s] -- Found rosidl_generator_cpp: 3.1.5 (/opt/ros/humble/share/rosidl_generator_cpp/cmake)
[1.803s] -- Using all available rosidl_typesupport_c: rosidl_typesupport_fastrtps_c;rosidl_typesupport_introspection_c
[1.844s] -- Using all available rosidl_typesupport_cpp: rosidl_typesupport_fastrtps_cpp;rosidl_typesupport_introspection_cpp
[1.998s] -- Found rmw_implementation_cmake: 6.1.2 (/opt/ros/humble/share/rmw_implementation_cmake/cmake)
[2.003s] -- Found rmw_fastrtps_cpp: 6.2.6 (/opt/ros/humble/share/rmw_fastrtps_cpp/cmake)
[2.191s] -- Found OpenSSL: /usr/lib/x86_64-linux-gnu/libcrypto.so (found version "3.0.2")  
[2.239s] -- Found FastRTPS: /opt/ros/humble/include  
[2.326s] -- Using RMW implementation 'rmw_fastrtps_cpp' as default
[2.344s] -- Looking for pthread.h
[2.487s] -- Looking for pthread.h - found
[2.487s] -- Performing Test CMAKE_HAVE_LIBC_PTHREAD
[2.633s] -- Performing Test CMAKE_HAVE_LIBC_PTHREAD - Success
[2.635s] -- Found Threads: TRUE  
[3.026s] -- Found visualization_msgs: 4.2.4 (/opt/ros/humble/share/visualization_msgs/cmake)
[3.726s] -- Found nav_msgs: 4.2.4 (/opt/ros/humble/share/nav_msgs/cmake)
[3.945s] -- Found tf2_ros: 0.25.7 (/opt/ros/humble/share/tf2_ros/cmake)
[4.860s] -- Found tf2_geometry_msgs: 0.25.7 (/opt/ros/humble/share/tf2_geometry_msgs/cmake)
[4.888s] -- Found eigen3_cmake_module: 0.1.1 (/opt/ros/humble/share/eigen3_cmake_module/cmake)
[4.890s] -- Found Eigen3: TRUE (found version "3.4.0") 
[4.891s] -- Ensuring Eigen3 include directory is part of orocos-kdl CMake target
[5.050s] -- Configuring done
[5.076s] -- Generating done
[5.080s] -- Build files have been written to: /home/zeeshan/ros2_ws/build/my_planner
[5.100s] Invoked command in '/home/zeeshan/ros2_ws/build/my_planner' returned '0': CMAKE_PREFIX_PATH=${CMAKE_PREFIX_PATH}:/opt/ros/humble /usr/bin/cmake /home/zeeshan/ros2_ws/src/my_planner -DCMAKE_INSTALL_PREFIX=/home/zeeshan/ros2_ws/install/my_planner
[5.104s] Invoking command in '/home/zeeshan/ros2_ws/build/my_planner': CMAKE_PREFIX_PATH=${CMAKE_PREFIX_PATH}:/opt/ros/humble /usr/bin/cmake --build /home/zeeshan/ros2_ws/build/my_planner -- -j4 -l4
[5.184s] [35m[1mConsolidate compiler generated dependencies of target planner_node[0m
[5.234s] [ 40%] [32mBuilding CXX object CMakeFiles/planner_node.dir/src/map.cpp.o[0m
[5.235s] [ 40%] [32mBuilding CXX object CMakeFiles/planner_node.dir/src/planner_node.cpp.o[0m
[6.820s] [01m[K/home/zeeshan/ros2_ws/src/my_planner/src/map.cpp:6:16:[m[K [01;31m[Kerror: [m[Kâ€˜[01m[Knav_msgs[m[Kâ€™ does not name a type
[6.820s]     6 | Map::Map(const [01;31m[Knav_msgs[m[K::msg::OccupancyGrid::SharedPtr grid)
[6.820s]       |                [01;31m[K^~~~~~~~[m[K
[6.820s] [01m[K/home/zeeshan/ros2_ws/src/my_planner/src/map.cpp:6:29:[m[K [01;31m[Kerror: [m[Kexpected unqualified-id before â€˜[01m[K::[m[Kâ€™ token
[6.821s]     6 | Map::Map(const nav_msgs::msg[01;31m[K::[m[KOccupancyGrid::SharedPtr grid)
[6.821s]       |                             [01;31m[K^~[m[K
[6.821s] [01m[K/home/zeeshan/ros2_ws/src/my_planner/src/map.cpp:6:29:[m[K [01;31m[Kerror: [m[Kexpected â€˜[01m[K)[m[Kâ€™ before â€˜[01m[K::[m[Kâ€™ token
[6.821s]     6 | Map::Map[34m[K([m[Kconst nav_msgs::msg[01;31m[K:[m[K[32m[K:[m[KOccupancyGrid::SharedPtr grid)
[6.821s]       |         [34m[K~[m[K                   [01;31m[K^[m[K[32m[K~[m[K
[6.821s]       |                             [32m[K)[m[K
[6.822s] [01m[K/home/zeeshan/ros2_ws/src/my_planner/src/map.cpp:6:29:[m[K [01;31m[Kerror: [m[Kexpected initializer before â€˜[01m[K::[m[Kâ€™ token
[6.822s]     6 | Map::Map(const nav_msgs::msg[01;31m[K::[m[KOccupancyGrid::SharedPtr grid)
[6.822s]       |                             [01;31m[K^~[m[K
[6.834s] [01m[K/home/zeeshan/ros2_ws/src/my_planner/src/map.cpp:[m[K In member function â€˜[01m[Kbool Map::isOccupied(int, int) const[m[Kâ€™:
[6.834s] [01m[K/home/zeeshan/ros2_ws/src/my_planner/src/map.cpp:28:12:[m[K [01;31m[Kerror: [m[Kâ€˜[01m[Kmap_data_[m[Kâ€™ was not declared in this scope
[6.834s]    28 |     return [01;31m[Kmap_data_[m[K[y][x] > 50;  // Consider cells with value > 50 as occupied
[6.834s]       |            [01;31m[K^~~~~~~~~[m[K
[6.835s] [01m[K/home/zeeshan/ros2_ws/src/my_planner/src/map.cpp:[m[K At global scope:
[6.835s] [01m[K/home/zeeshan/ros2_ws/src/my_planner/src/map.cpp:31:26:[m[K [01;31m[Kerror: [m[Kâ€˜[01m[KMarkerArray[m[Kâ€™ in namespace â€˜[01m[Kvisualization_msgs::msg[m[Kâ€™ does not name a type
[6.835s]    31 | visualization_msgs::msg::[01;31m[KMarkerArray[m[K Map::createObstacleMarkers() const
[6.835s]       |                          [01;31m[K^~~~~~~~~~~[m[K
[7.070s] gmake[2]: *** [CMakeFiles/planner_node.dir/build.make:90: CMakeFiles/planner_node.dir/src/map.cpp.o] Error 1
[7.071s] gmake[2]: *** Waiting for unfinished jobs....
[11.313s] [01m[K/home/zeeshan/ros2_ws/src/my_planner/src/planner_node.cpp:[m[K In member function â€˜[01m[Kvoid PlannerNode::plan()[m[Kâ€™:
[11.313s] [01m[K/home/zeeshan/ros2_ws/src/my_planner/src/planner_node.cpp:55:35:[m[K [01;31m[Kerror: [m[Kâ€˜[01m[Kusing element_type = class Map[m[Kâ€™ {aka â€˜[01m[Kclass Map[m[Kâ€™} has no member named â€˜[01m[KcreateObstacleMarkers[m[Kâ€™
[11.313s]    55 |     auto obstacle_markers = map_->[01;31m[KcreateObstacleMarkers[m[K();
[11.314s]       |                                   [01;31m[K^~~~~~~~~~~~~~~~~~~~~[m[K
[11.314s] [01m[K/home/zeeshan/ros2_ws/src/my_planner/src/planner_node.cpp:62:54:[m[K [01;31m[Kerror: [m[Kno matching function for call to â€˜[01m[KVisualizer::createPathMarkers(std::vector<std::pair<int, int> >&)[m[Kâ€™
[11.314s]    62 |     auto path_markers = [01;31m[KVisualizer::createPathMarkers(path_)[m[K;
[11.314s]       |                         [01;31m[K~~~~~~~~~~~~~~~~~~~~~~~~~~~~~^~~~~~~[m[K
[11.314s] In file included from [01m[K/home/zeeshan/ros2_ws/src/my_planner/include/planner_node.hpp:10[m[K,
[11.315s]                  from [01m[K/home/zeeshan/ros2_ws/src/my_planner/src/planner_node.cpp:1[m[K:
[11.315s] [01m[K/home/zeeshan/ros2_ws/src/my_planner/include/visualizer.hpp:10:49:[m[K [01;36m[Knote: [m[Kcandidate: â€˜[01m[Kstatic visualization_msgs::msg::MarkerArray Visualizer::createPathMarkers(const std::vector<std::pair<int, int> >&, float, float, float)[m[Kâ€™
[11.315s]    10 |     static visualization_msgs::msg::MarkerArray [01;36m[KcreatePathMarkers[m[K(const std::vector<std::pair<int, int>>& path, float r, float g, float b);
[11.315s]       |                                                 [01;36m[K^~~~~~~~~~~~~~~~~[m[K
[11.315s] [01m[K/home/zeeshan/ros2_ws/src/my_planner/include/visualizer.hpp:10:49:[m[K [01;36m[Knote: [m[K  candidate expects 4 arguments, 1 provided
[11.338s] [01m[K/home/zeeshan/ros2_ws/src/my_planner/src/planner_node.cpp:[m[K In member function â€˜[01m[Kvoid PlannerNode::goalCallback(geometry_msgs::msg::PoseStamped_<std::allocator<void> >::SharedPtr)[m[Kâ€™:
[11.338s] [01m[K/home/zeeshan/ros2_ws/src/my_planner/src/planner_node.cpp:87:62:[m[K [01;31m[Kerror: [m[Kâ€˜[01m[Kusing element_type = class Map[m[Kâ€™ {aka â€˜[01m[Kclass Map[m[Kâ€™} has no member named â€˜[01m[KgetOriginX[m[Kâ€™
[11.338s]    87 |    goal_x_ = static_cast<int>((msg->pose.position.x - map_->[01;31m[KgetOriginX[m[K()) / map_->getResolution());
[11.338s]       |                                                             [01;31m[K^~~~~~~~~~[m[K
[11.339s] 
[11.339s] [01m[K/home/zeeshan/ros2_ws/src/my_planner/src/planner_node.cpp:87:84:[m[K [01;31m[Kerror: [m[Kâ€˜[01m[Kusing element_type = class Map[m[Kâ€™ {aka â€˜[01m[Kclass Map[m[Kâ€™} has no member named â€˜[01m[KgetResolution[m[Kâ€™
[11.339s]    87 | st<int>((msg->pose.position.x - map_->getOriginX()) / map_->[01;31m[KgetResolution[m[K());
[11.339s]       |                                                             [01;31m[K^~~~~~~~~~~~~[m[K
[11.339s] 
[11.340s] [01m[K/home/zeeshan/ros2_ws/src/my_planner/src/planner_node.cpp:88:62:[m[K [01;31m[Kerror: [m[Kâ€˜[01m[Kusing element_type = class Map[m[Kâ€™ {aka â€˜[01m[Kclass Map[m[Kâ€™} has no member named â€˜[01m[KgetOriginY[m[Kâ€™
[11.340s]    88 |    goal_y_ = static_cast<int>((msg->pose.position.y - map_->[01;31m[KgetOriginY[m[K()) / map_->getResolution());
[11.340s]       |                                                             [01;31m[K^~~~~~~~~~[m[K
[11.340s] 
[11.340s] [01m[K/home/zeeshan/ros2_ws/src/my_planner/src/planner_node.cpp:88:84:[m[K [01;31m[Kerror: [m[Kâ€˜[01m[Kusing element_type = class Map[m[Kâ€™ {aka â€˜[01m[Kclass Map[m[Kâ€™} has no member named â€˜[01m[KgetResolution[m[Kâ€™
[11.340s]    88 | st<int>((msg->pose.position.y - map_->getOriginY()) / map_->[01;31m[KgetResolution[m[K());
[11.341s]       |                                                             [01;31m[K^~~~~~~~~~~~~[m[K
[11.341s] 
[11.341s] [01m[K/home/zeeshan/ros2_ws/src/my_planner/src/planner_node.cpp:[m[K In member function â€˜[01m[Kvoid PlannerNode::startPoseCallback(geometry_msgs::msg::PoseStamped_<std::allocator<void> >::SharedPtr)[m[Kâ€™:
[11.341s] [01m[K/home/zeeshan/ros2_ws/src/my_planner/src/planner_node.cpp:100:63:[m[K [01;31m[Kerror: [m[Kâ€˜[01m[Kusing element_type = class Map[m[Kâ€™ {aka â€˜[01m[Kclass Map[m[Kâ€™} has no member named â€˜[01m[KgetOriginX[m[Kâ€™
[11.341s]   100 |   start_x_ = static_cast<int>((msg->pose.position.x - map_->[01;31m[KgetOriginX[m[K()) / map_->getResolution());
[11.341s]       |                                                             [01;31m[K^~~~~~~~~~[m[K
[11.341s] 
[11.342s] [01m[K/home/zeeshan/ros2_ws/src/my_planner/src/planner_node.cpp:100:85:[m[K [01;31m[Kerror: [m[Kâ€˜[01m[Kusing element_type = class Map[m[Kâ€™ {aka â€˜[01m[Kclass Map[m[Kâ€™} has no member named â€˜[01m[KgetResolution[m[Kâ€™
[11.342s]   100 | st<int>((msg->pose.position.x - map_->getOriginX()) / map_->[01;31m[KgetResolution[m[K());
[11.342s]       |                                                             [01;31m[K^~~~~~~~~~~~~[m[K
[11.342s] 
[11.342s] [01m[K/home/zeeshan/ros2_ws/src/my_planner/src/planner_node.cpp:101:63:[m[K [01;31m[Kerror: [m[Kâ€˜[01m[Kusing element_type = class Map[m[Kâ€™ {aka â€˜[01m[Kclass Map[m[Kâ€™} has no member named â€˜[01m[KgetOriginY[m[Kâ€™
[11.342s]   101 |   start_y_ = static_cast<int>((msg->pose.position.y - map_->[01;31m[KgetOriginY[m[K()) / map_->getResolution());
[11.343s]       |                                                             [01;31m[K^~~~~~~~~~[m[K
[11.343s] 
[11.343s] [01m[K/home/zeeshan/ros2_ws/src/my_planner/src/planner_node.cpp:101:85:[m[K [01;31m[Kerror: [m[Kâ€˜[01m[Kusing element_type = class Map[m[Kâ€™ {aka â€˜[01m[Kclass Map[m[Kâ€™} has no member named â€˜[01m[KgetResolution[m[Kâ€™
[11.343s]   101 | st<int>((msg->pose.position.y - map_->getOriginY()) / map_->[01;31m[KgetResolution[m[K());
[11.343s]       |                                                             [01;31m[K^~~~~~~~~~~~~[m[K
[11.343s] 
[13.459s] In file included from [01m[K/usr/include/x86_64-linux-gnu/c++/11/bits/c++allocator.h:33[m[K,
[13.459s]                  from [01m[K/usr/include/c++/11/bits/allocator.h:46[m[K,
[13.459s]                  from [01m[K/usr/include/c++/11/memory:64[m[K,
[13.459s]                  from [01m[K/opt/ros/humble/include/rclcpp/rclcpp/rclcpp.hpp:153[m[K,
[13.459s]                  from [01m[K/home/zeeshan/ros2_ws/src/my_planner/include/planner_node.hpp:4[m[K,
[13.459s]                  from [01m[K/home/zeeshan/ros2_ws/src/my_planner/src/planner_node.cpp:1[m[K:
[13.460s] /usr/include/c++/11/ext/new_allocator.h: In instantiation of â€˜[01m[Kvoid __gnu_cxx::new_allocator<_Tp>::construct(_Up*, _Args&& ...) [with _Up = Map; _Args = {const std::shared_ptr<nav_msgs::msg::OccupancyGrid_<std::allocator<void> > >&}; _Tp = Map][m[Kâ€™:
[13.460s] [01m[K/usr/include/c++/11/bits/alloc_traits.h:516:17:[m[K   required from â€˜[01m[Kstatic void std::allocator_traits<std::allocator<_Tp1> >::construct(std::allocator_traits<std::allocator<_Tp1> >::allocator_type&, _Up*, _Args&& ...) [with _Up = Map; _Args = {const std::shared_ptr<nav_msgs::msg::OccupancyGrid_<std::allocator<void> > >&}; _Tp = Map; std::allocator_traits<std::allocator<_Tp1> >::allocator_type = std::allocator<Map>][m[Kâ€™
[13.460s] [01m[K/usr/include/c++/11/bits/shared_ptr_base.h:519:39:[m[K   required from â€˜[01m[Kstd::_Sp_counted_ptr_inplace<_Tp, _Alloc, _Lp>::_Sp_counted_ptr_inplace(_Alloc, _Args&& ...) [with _Args = {const std::shared_ptr<nav_msgs::msg::OccupancyGrid_<std::allocator<void> > >&}; _Tp = Map; _Alloc = std::allocator<Map>; __gnu_cxx::_Lock_policy _Lp = __gnu_cxx::_S_atomic][m[Kâ€™
[13.460s] [01m[K/usr/include/c++/11/bits/shared_ptr_base.h:650:16:[m[K   required from â€˜[01m[Kstd::__shared_count<_Lp>::__shared_count(_Tp*&, std::_Sp_alloc_shared_tag<_Alloc>, _Args&& ...) [with _Tp = Map; _Alloc = std::allocator<Map>; _Args = {const std::shared_ptr<nav_msgs::msg::OccupancyGrid_<std::allocator<void> > >&}; __gnu_cxx::_Lock_policy _Lp = __gnu_cxx::_S_atomic][m[Kâ€™
[13.460s] [01m[K/usr/include/c++/11/bits/shared_ptr_base.h:1342:14:[m[K   required from â€˜[01m[Kstd::__shared_ptr<_Tp, _Lp>::__shared_ptr(std::_Sp_alloc_shared_tag<_Tp>, _Args&& ...) [with _Alloc = std::allocator<Map>; _Args = {const std::shared_ptr<nav_msgs::msg::OccupancyGrid_<std::allocator<void> > >&}; _Tp = Map; __gnu_cxx::_Lock_policy _Lp = __gnu_cxx::_S_atomic][m[Kâ€™
[13.460s] [01m[K/usr/include/c++/11/bits/shared_ptr.h:409:59:[m[K   required from â€˜[01m[Kstd::shared_ptr<_Tp>::shared_ptr(std::_Sp_alloc_shared_tag<_Tp>, _Args&& ...) [with _Alloc = std::allocator<Map>; _Args = {const std::shared_ptr<nav_msgs::msg::OccupancyGrid_<std::allocator<void> > >&}; _Tp = Map][m[Kâ€™
[13.461s] [01m[K/usr/include/c++/11/bits/shared_ptr.h:862:14:[m[K   required from â€˜[01m[Kstd::shared_ptr<_Tp> std::allocate_shared(const _Alloc&, _Args&& ...) [with _Tp = Map; _Alloc = std::allocator<Map>; _Args = {const std::shared_ptr<nav_msgs::msg::OccupancyGrid_<std::allocator<void> > >&}][m[Kâ€™
[13.461s] [01m[K/usr/include/c++/11/bits/shared_ptr.h:878:39:[m[K   required from â€˜[01m[Kstd::shared_ptr<_Tp> std::make_shared(_Args&& ...) [with _Tp = Map; _Args = {const std::shared_ptr<nav_msgs::msg::OccupancyGrid_<std::allocator<void> > >&}][m[Kâ€™
[13.461s] [01m[K/home/zeeshan/ros2_ws/src/my_planner/src/planner_node.cpp:32:33:[m[K   required from here
[13.461s] [01m[K/usr/include/c++/11/ext/new_allocator.h:162:11:[m[K [01;31m[Kerror: [m[Kno matching function for call to â€˜[01m[KMap::Map(const std::shared_ptr<nav_msgs::msg::OccupancyGrid_<std::allocator<void> > >&)[m[Kâ€™
[13.461s]   162 |         { [01;31m[K::new((void *)__p) _Up(std::forward<_Args>(__args)...)[m[K; }
[13.461s]       |           [01;31m[K^~~~~~~~~~~~~~~~~~~~~~~~~~~~~~~~~~~~~~~~~~~~~~~~~~~~~~[m[K
[13.462s] In file included from [01m[K/home/zeeshan/ros2_ws/src/my_planner/include/planner_node.hpp:8[m[K,
[13.462s]                  from [01m[K/home/zeeshan/ros2_ws/src/my_planner/src/planner_node.cpp:1[m[K:
[13.462s] [01m[K/home/zeeshan/ros2_ws/src/my_planner/include/map.hpp:9:5:[m[K [01;36m[Knote: [m[Kcandidate: â€˜[01m[KMap::Map(int, int)[m[Kâ€™
[13.462s]     9 |     [01;36m[KMap[m[K(int width, int height);
[13.462s]       |     [01;36m[K^~~[m[K
[13.463s] [01m[K/home/zeeshan/ros2_ws/src/my_planner/include/map.hpp:9:5:[m[K [01;36m[Knote: [m[K  candidate expects 2 arguments, 1 provided
[13.463s] [01m[K/home/zeeshan/ros2_ws/src/my_planner/include/map.hpp:6:7:[m[K [01;36m[Knote: [m[Kcandidate: â€˜[01m[KMap::Map(const Map&)[m[Kâ€™
[13.463s]     6 | class [01;36m[KMap[m[K
[13.463s]       |       [01;36m[K^~~[m[K
[13.463s] [01m[K/home/zeeshan/ros2_ws/src/my_planner/include/map.hpp:6:7:[m[K [01;36m[Knote: [m[K  no known conversion for argument 1 from â€˜[01m[Kconst std::shared_ptr<nav_msgs::msg::OccupancyGrid_<std::allocator<void> > >[m[Kâ€™ to â€˜[01m[Kconst Map&[m[Kâ€™
[13.463s] [01m[K/home/zeeshan/ros2_ws/src/my_planner/include/map.hpp:6:7:[m[K [01;36m[Knote: [m[Kcandidate: â€˜[01m[KMap::Map(Map&&)[m[Kâ€™
[13.464s] [01m[K/home/zeeshan/ros2_ws/src/my_planner/include/map.hpp:6:7:[m[K [01;36m[Knote: [m[K  no known conversion for argument 1 from â€˜[01m[Kconst std::shared_ptr<nav_msgs::msg::OccupancyGrid_<std::allocator<void> > >[m[Kâ€™ to â€˜[01m[KMap&&[m[Kâ€™
[18.991s] gmake[2]: *** [CMakeFiles/planner_node.dir/build.make:76: CMakeFiles/planner_node.dir/src/planner_node.cpp.o] Error 1
[18.991s] gmake[1]: *** [CMakeFiles/Makefile2:137: CMakeFiles/planner_node.dir/all] Error 2
[18.992s] gmake: *** [Makefile:146: all] Error 2
[18.996s] Invoked command in '/home/zeeshan/ros2_ws/build/my_planner' returned '2': CMAKE_PREFIX_PATH=${CMAKE_PREFIX_PATH}:/opt/ros/humble /usr/bin/cmake --build /home/zeeshan/ros2_ws/build/my_planner -- -j4 -l4
