[0.020s] Invoking command in '/home/zeeshan/ros2_ws/build/my_planner': CMAKE_PREFIX_PATH=${CMAKE_PREFIX_PATH}:/opt/ros/humble /usr/bin/cmake /home/zeeshan/ros2_ws/src/my_planner -DCMAKE_INSTALL_PREFIX=/home/zeeshan/ros2_ws/install/my_planner
[0.126s] -- The C compiler identification is GNU 11.4.0
[0.235s] -- The CXX compiler identification is GNU 11.4.0
[0.248s] -- Detecting C compiler ABI info
[0.379s] -- Detecting C compiler ABI info - done
[0.395s] -- Check for working C compiler: /usr/bin/cc - skipped
[0.396s] -- Detecting C compile features
[0.396s] -- Detecting C compile features - done
[0.402s] -- Detecting CXX compiler ABI info
[0.555s] -- Detecting CXX compiler ABI info - done
[0.572s] -- Check for working CXX compiler: /usr/bin/c++ - skipped
[0.573s] -- Detecting CXX compile features
[0.574s] -- Detecting CXX compile features - done
[0.579s] -- Found ament_cmake: 1.3.9 (/opt/ros/humble/share/ament_cmake/cmake)
[1.464s] -- Found Python3: /usr/bin/python3 (found version "3.10.12") found components: Interpreter 
[1.631s] -- Found rclcpp: 16.0.9 (/opt/ros/humble/share/rclcpp/cmake)
[1.709s] -- Found rosidl_generator_c: 3.1.5 (/opt/ros/humble/share/rosidl_generator_c/cmake)
[1.719s] -- Found rosidl_adapter: 3.1.5 (/opt/ros/humble/share/rosidl_adapter/cmake)
[1.736s] -- Found rosidl_generator_cpp: 3.1.5 (/opt/ros/humble/share/rosidl_generator_cpp/cmake)
[1.766s] -- Using all available rosidl_typesupport_c: rosidl_typesupport_fastrtps_c;rosidl_typesupport_introspection_c
[1.808s] -- Using all available rosidl_typesupport_cpp: rosidl_typesupport_fastrtps_cpp;rosidl_typesupport_introspection_cpp
[1.964s] -- Found rmw_implementation_cmake: 6.1.2 (/opt/ros/humble/share/rmw_implementation_cmake/cmake)
[1.969s] -- Found rmw_fastrtps_cpp: 6.2.6 (/opt/ros/humble/share/rmw_fastrtps_cpp/cmake)
[2.159s] -- Found OpenSSL: /usr/lib/x86_64-linux-gnu/libcrypto.so (found version "3.0.2")  
[2.205s] -- Found FastRTPS: /opt/ros/humble/include  
[2.293s] -- Using RMW implementation 'rmw_fastrtps_cpp' as default
[2.311s] -- Looking for pthread.h
[2.450s] -- Looking for pthread.h - found
[2.451s] -- Performing Test CMAKE_HAVE_LIBC_PTHREAD
[2.592s] -- Performing Test CMAKE_HAVE_LIBC_PTHREAD - Success
[2.594s] -- Found Threads: TRUE  
[2.991s] -- Found visualization_msgs: 4.2.4 (/opt/ros/humble/share/visualization_msgs/cmake)
[3.688s] -- Found nav_msgs: 4.2.4 (/opt/ros/humble/share/nav_msgs/cmake)
[3.907s] -- Found tf2_ros: 0.25.7 (/opt/ros/humble/share/tf2_ros/cmake)
[4.785s] -- Found tf2_geometry_msgs: 0.25.7 (/opt/ros/humble/share/tf2_geometry_msgs/cmake)
[4.813s] -- Found eigen3_cmake_module: 0.1.1 (/opt/ros/humble/share/eigen3_cmake_module/cmake)
[4.815s] -- Found Eigen3: TRUE (found version "3.4.0") 
[4.816s] -- Ensuring Eigen3 include directory is part of orocos-kdl CMake target
[4.972s] -- Configuring done
[4.998s] -- Generating done
[5.003s] -- Build files have been written to: /home/zeeshan/ros2_ws/build/my_planner
[5.026s] Invoked command in '/home/zeeshan/ros2_ws/build/my_planner' returned '0': CMAKE_PREFIX_PATH=${CMAKE_PREFIX_PATH}:/opt/ros/humble /usr/bin/cmake /home/zeeshan/ros2_ws/src/my_planner -DCMAKE_INSTALL_PREFIX=/home/zeeshan/ros2_ws/install/my_planner
[5.030s] Invoking command in '/home/zeeshan/ros2_ws/build/my_planner': CMAKE_PREFIX_PATH=${CMAKE_PREFIX_PATH}:/opt/ros/humble /usr/bin/cmake --build /home/zeeshan/ros2_ws/build/my_planner -- -j4 -l4
[5.112s] [35m[1mConsolidate compiler generated dependencies of target planner_node[0m
[5.150s] [ 20%] [32mBuilding CXX object CMakeFiles/planner_node.dir/src/visualizer.cpp.o[0m
[5.150s] [ 40%] [32mBuilding CXX object CMakeFiles/planner_node.dir/src/map.cpp.o[0m
[5.152s] [ 60%] [32mBuilding CXX object CMakeFiles/planner_node.dir/src/astar.cpp.o[0m
[5.872s] [01m[K/home/zeeshan/ros2_ws/src/my_planner/src/astar.cpp:[m[K In function â€˜[01m[Kstd::vector<std::pair<int, int> > astar(const Map&, int, int, int, int)[m[Kâ€™:
[5.872s] [01m[K/home/zeeshan/ros2_ws/src/my_planner/src/astar.cpp:31:51:[m[K [01;31m[Kerror: [m[Kâ€˜[01m[Kint Map::width_[m[Kâ€™ is private within this context
[5.872s]    31 |     std::vector<std::vector<bool>> closed_set(map.[01;31m[Kwidth_[m[K, std::vector<bool>(map.height_, false));
[5.872s]       |                                                   [01;31m[K^~~~~~[m[K
[5.872s] In file included from [01m[K/home/zeeshan/ros2_ws/src/my_planner/src/astar.hpp:6[m[K,
[5.872s]                  from [01m[K/home/zeeshan/ros2_ws/src/my_planner/src/astar.cpp:1[m[K:
[5.873s] [01m[K/home/zeeshan/ros2_ws/src/my_planner/src/map.hpp:14:9:[m[K [01;36m[Knote: [m[Kdeclared private here
[5.873s]    14 |     int [01;36m[Kwidth_[m[K;
[5.873s]       |         [01;36m[K^~~~~~[m[K
[5.876s] [01m[K/home/zeeshan/ros2_ws/src/my_planner/src/astar.cpp:31:81:[m[K [01;31m[Kerror: [m[Kâ€˜[01m[Kint Map::height_[m[Kâ€™ is private within this context
[5.877s]    31 |     std::vector<std::vector<bool>> closed_set(map.width_, std::vector<bool>(map.[01;31m[Kheight_[m[K, false));
[5.877s]       |                                                                                 [01;31m[K^~~~~~~[m[K
[5.877s] In file included from [01m[K/home/zeeshan/ros2_ws/src/my_planner/src/astar.hpp:6[m[K,
[5.877s]                  from [01m[K/home/zeeshan/ros2_ws/src/my_planner/src/astar.cpp:1[m[K:
[5.877s] [01m[K/home/zeeshan/ros2_ws/src/my_planner/src/map.hpp:15:9:[m[K [01;36m[Knote: [m[Kdeclared private here
[5.877s]    15 |     int [01;36m[Kheight_[m[K;
[5.878s]       |         [01;36m[K^~~~~~~[m[K
[5.894s] [01m[K/home/zeeshan/ros2_ws/src/my_planner/src/astar.cpp:65:37:[m[K [01;31m[Kerror: [m[Kâ€˜[01m[Kint Map::width_[m[Kâ€™ is private within this context
[5.895s]    65 |             if (nx >= 0 && nx < map.[01;31m[Kwidth_[m[K && ny >= 0 && ny < map.height_ && !closed_set[nx][ny] && !map.isOccupied(nx, ny))
[5.895s]       |                                     [01;31m[K^~~~~~[m[K
[5.895s] In file included from [01m[K/home/zeeshan/ros2_ws/src/my_planner/src/astar.hpp:6[m[K,
[5.895s]                  from [01m[K/home/zeeshan/ros2_ws/src/my_planner/src/astar.cpp:1[m[K:
[5.895s] [01m[K/home/zeeshan/ros2_ws/src/my_planner/src/map.hpp:14:9:[m[K [01;36m[Knote: [m[Kdeclared private here
[5.895s]    14 |     int [01;36m[Kwidth_[m[K;
[5.896s]       |         [01;36m[K^~~~~~[m[K
[5.896s] [01m[K/home/zeeshan/ros2_ws/src/my_planner/src/astar.cpp:65:67:[m[K [01;31m[Kerror: [m[Kâ€˜[01m[Kint Map::height_[m[Kâ€™ is private within this context
[5.896s]    65 |             if (nx >= 0 && nx < map.width_ && ny >= 0 && ny < map.[01;31m[Kheight_[m[K && !closed_set[nx][ny] && !map.isOccupied(nx, ny))
[5.896s]       |                                                                   [01;31m[K^~~~~~~[m[K
[5.896s] In file included from [01m[K/home/zeeshan/ros2_ws/src/my_planner/src/astar.hpp:6[m[K,
[5.896s]                  from [01m[K/home/zeeshan/ros2_ws/src/my_planner/src/astar.cpp:1[m[K:
[5.896s] [01m[K/home/zeeshan/ros2_ws/src/my_planner/src/map.hpp:15:9:[m[K [01;36m[Knote: [m[Kdeclared private here
[5.897s]    15 |     int [01;36m[Kheight_[m[K;
[5.897s]       |         [01;36m[K^~~~~~~[m[K
[6.044s] gmake[2]: *** [CMakeFiles/planner_node.dir/build.make:104: CMakeFiles/planner_node.dir/src/astar.cpp.o] Error 1
[6.044s] gmake[2]: *** Waiting for unfinished jobs....
[6.390s] [01m[K/home/zeeshan/ros2_ws/src/my_planner/src/visualizer.cpp:[m[K In static member function â€˜[01m[Kstatic visualization_msgs::msg::MarkerArray Visualizer::createPathMarkers(const std::vector<std::pair<int, int> >&)[m[Kâ€™:
[6.391s] [01m[K/home/zeeshan/ros2_ws/src/my_planner/src/visualizer.cpp:12:31:[m[K [01;31m[Kerror: [m[Kâ€˜[01m[Krclcpp[m[Kâ€™ has not been declared
[6.391s]    12 |         marker.header.stamp = [01;31m[Krclcpp[m[K::Clock().now();
[6.391s]       |                               [01;31m[K^~~~~~[m[K
[6.573s] gmake[2]: *** [CMakeFiles/planner_node.dir/build.make:118: CMakeFiles/planner_node.dir/src/visualizer.cpp.o] Error 1
[6.574s] gmake[1]: *** [CMakeFiles/Makefile2:137: CMakeFiles/planner_node.dir/all] Error 2
[6.574s] gmake: *** [Makefile:146: all] Error 2
[6.579s] Invoked command in '/home/zeeshan/ros2_ws/build/my_planner' returned '2': CMAKE_PREFIX_PATH=${CMAKE_PREFIX_PATH}:/opt/ros/humble /usr/bin/cmake --build /home/zeeshan/ros2_ws/build/my_planner -- -j4 -l4
