[0.019s] Invoking command in '/home/zeeshan/ros2_ws/src/simple_planner/build/simple_planner': CMAKE_PREFIX_PATH=/opt/ros/humble /usr/bin/cmake /home/zeeshan/ros2_ws/src/simple_planner -DCMAKE_INSTALL_PREFIX=/home/zeeshan/ros2_ws/src/simple_planner/install/simple_planner
[0.125s] -- The C compiler identification is GNU 11.4.0
[0.235s] -- The CXX compiler identification is GNU 11.4.0
[0.247s] -- Detecting C compiler ABI info
[0.470s] -- Detecting C compiler ABI info - done
[0.495s] -- Check for working C compiler: /usr/bin/cc - skipped
[0.495s] -- Detecting C compile features
[0.498s] -- Detecting C compile features - done
[0.511s] -- Detecting CXX compiler ABI info
[0.679s] -- Detecting CXX compiler ABI info - done
[0.696s] -- Check for working CXX compiler: /usr/bin/c++ - skipped
[0.696s] -- Detecting CXX compile features
[0.697s] -- Detecting CXX compile features - done
[0.702s] -- Found ament_cmake: 1.3.9 (/opt/ros/humble/share/ament_cmake/cmake)
[1.660s] -- Found Python3: /usr/bin/python3 (found version "3.10.12") found components: Interpreter 
[1.824s] -- Found rclcpp: 16.0.9 (/opt/ros/humble/share/rclcpp/cmake)
[1.898s] -- Found rosidl_generator_c: 3.1.5 (/opt/ros/humble/share/rosidl_generator_c/cmake)
[1.907s] -- Found rosidl_adapter: 3.1.5 (/opt/ros/humble/share/rosidl_adapter/cmake)
[1.923s] -- Found rosidl_generator_cpp: 3.1.5 (/opt/ros/humble/share/rosidl_generator_cpp/cmake)
[1.952s] -- Using all available rosidl_typesupport_c: rosidl_typesupport_fastrtps_c;rosidl_typesupport_introspection_c
[1.993s] -- Using all available rosidl_typesupport_cpp: rosidl_typesupport_fastrtps_cpp;rosidl_typesupport_introspection_cpp
[2.143s] -- Found rmw_implementation_cmake: 6.1.2 (/opt/ros/humble/share/rmw_implementation_cmake/cmake)
[2.147s] -- Found rmw_fastrtps_cpp: 6.2.6 (/opt/ros/humble/share/rmw_fastrtps_cpp/cmake)
[2.345s] -- Found OpenSSL: /usr/lib/x86_64-linux-gnu/libcrypto.so (found version "3.0.2")  
[2.395s] -- Found FastRTPS: /opt/ros/humble/include  
[2.484s] -- Using RMW implementation 'rmw_fastrtps_cpp' as default
[2.501s] -- Looking for pthread.h
[2.658s] -- Looking for pthread.h - found
[2.659s] -- Performing Test CMAKE_HAVE_LIBC_PTHREAD
[2.864s] -- Performing Test CMAKE_HAVE_LIBC_PTHREAD - Success
[2.866s] -- Found Threads: TRUE  
[3.290s] -- Found geometry_msgs: 4.2.4 (/opt/ros/humble/share/geometry_msgs/cmake)
[3.407s] -- Found nav_msgs: 4.2.4 (/opt/ros/humble/share/nav_msgs/cmake)
[3.637s] -- Found tf2_ros: 0.25.7 (/opt/ros/humble/share/tf2_ros/cmake)
[4.522s] -- Found tf2_geometry_msgs: 0.25.7 (/opt/ros/humble/share/tf2_geometry_msgs/cmake)
[4.549s] -- Found eigen3_cmake_module: 0.1.1 (/opt/ros/humble/share/eigen3_cmake_module/cmake)
[4.551s] -- Found Eigen3: TRUE (found version "3.4.0") 
[4.551s] -- Ensuring Eigen3 include directory is part of orocos-kdl CMake target
[4.576s] -- Found visualization_msgs: 4.2.4 (/opt/ros/humble/share/visualization_msgs/cmake)
[5.156s] -- Found OpenCV: /usr (found version "4.5.4") 
[5.169s] -- Found ament_lint_auto: 0.12.11 (/opt/ros/humble/share/ament_lint_auto/cmake)
[5.301s] -- Configuring done
[5.335s] -- Generating done
[5.339s] -- Build files have been written to: /home/zeeshan/ros2_ws/src/simple_planner/build/simple_planner
[5.369s] Invoked command in '/home/zeeshan/ros2_ws/src/simple_planner/build/simple_planner' returned '0': CMAKE_PREFIX_PATH=/opt/ros/humble /usr/bin/cmake /home/zeeshan/ros2_ws/src/simple_planner -DCMAKE_INSTALL_PREFIX=/home/zeeshan/ros2_ws/src/simple_planner/install/simple_planner
[5.373s] Invoking command in '/home/zeeshan/ros2_ws/src/simple_planner/build/simple_planner': CMAKE_PREFIX_PATH=/opt/ros/humble /usr/bin/cmake --build /home/zeeshan/ros2_ws/src/simple_planner/build/simple_planner -- -j4 -l4
[5.481s] [ 20%] [32mBuilding CXX object CMakeFiles/simple_planner.dir/src/search.cpp.o[0m
[5.481s] [ 80%] [32mBuilding CXX object CMakeFiles/simple_planner.dir/src/simple_planner.cpp.o[0m
[5.481s] [ 80%] [32mBuilding CXX object CMakeFiles/simple_planner.dir/src/distance_map.cpp.o[0m
[5.483s] [ 80%] [32mBuilding CXX object CMakeFiles/simple_planner.dir/src/utils.cpp.o[0m
[26.674s] gmake[2]: *** [CMakeFiles/simple_planner.dir/build.make:76: CMakeFiles/simple_planner.dir/src/simple_planner.cpp.o] Interrupt
[26.674s] gmake[1]: *** [CMakeFiles/Makefile2:137: CMakeFiles/simple_planner.dir/all] Interrupt
[26.675s] gmake: *** [Makefile:146: all] Interrupt
[26.743s] Invoked command in '/home/zeeshan/ros2_ws/src/simple_planner/build/simple_planner' returned '-2': CMAKE_PREFIX_PATH=/opt/ros/humble /usr/bin/cmake --build /home/zeeshan/ros2_ws/src/simple_planner/build/simple_planner -- -j4 -l4
