-- The C compiler identification is GNU 11.4.0
-- The CXX compiler identification is GNU 11.4.0
-- Detecting C compiler ABI info
-- Detecting C compiler ABI info - done
-- Check for working C compiler: /usr/bin/cc - skipped
-- Detecting C compile features
-- Detecting C compile features - done
-- Detecting CXX compiler ABI info
-- Detecting CXX compiler ABI info - done
-- Check for working CXX compiler: /usr/bin/c++ - skipped
-- Detecting CXX compile features
-- Detecting CXX compile features - done
-- Found ament_cmake: 1.3.9 (/opt/ros/humble/share/ament_cmake/cmake)
-- Found Python3: /usr/bin/python3 (found version "3.10.12") found components: Interpreter 
-- Found rclcpp: 16.0.9 (/opt/ros/humble/share/rclcpp/cmake)
-- Found rosidl_generator_c: 3.1.5 (/opt/ros/humble/share/rosidl_generator_c/cmake)
-- Found rosidl_adapter: 3.1.5 (/opt/ros/humble/share/rosidl_adapter/cmake)
-- Found rosidl_generator_cpp: 3.1.5 (/opt/ros/humble/share/rosidl_generator_cpp/cmake)
-- Using all available rosidl_typesupport_c: rosidl_typesupport_fastrtps_c;rosidl_typesupport_introspection_c
-- Using all available rosidl_typesupport_cpp: rosidl_typesupport_fastrtps_cpp;rosidl_typesupport_introspection_cpp
-- Found rmw_implementation_cmake: 6.1.2 (/opt/ros/humble/share/rmw_implementation_cmake/cmake)
-- Found rmw_fastrtps_cpp: 6.2.6 (/opt/ros/humble/share/rmw_fastrtps_cpp/cmake)
-- Found OpenSSL: /usr/lib/x86_64-linux-gnu/libcrypto.so (found version "3.0.2")  
-- Found FastRTPS: /opt/ros/humble/include  
-- Using RMW implementation 'rmw_fastrtps_cpp' as default
-- Looking for pthread.h
-- Looking for pthread.h - found
-- Performing Test CMAKE_HAVE_LIBC_PTHREAD
-- Performing Test CMAKE_HAVE_LIBC_PTHREAD - Success
-- Found Threads: TRUE  
-- Found visualization_msgs: 4.2.4 (/opt/ros/humble/share/visualization_msgs/cmake)
-- Found nav_msgs: 4.2.4 (/opt/ros/humble/share/nav_msgs/cmake)
-- Found tf2_ros: 0.25.7 (/opt/ros/humble/share/tf2_ros/cmake)
-- Found tf2_geometry_msgs: 0.25.7 (/opt/ros/humble/share/tf2_geometry_msgs/cmake)
-- Found eigen3_cmake_module: 0.1.1 (/opt/ros/humble/share/eigen3_cmake_module/cmake)
-- Found Eigen3: TRUE (found version "3.4.0") 
-- Ensuring Eigen3 include directory is part of orocos-kdl CMake target
-- Configuring done
-- Generating done
-- Build files have been written to: /home/zeeshan/ros2_ws/build/my_planner
[35m[1mConsolidate compiler generated dependencies of target planner_node[0m
[ 20%] [32mBuilding CXX object CMakeFiles/planner_node.dir/src/planner_node.cpp.o[0m
[ 40%] [32m[1mLinking CXX executable planner_node[0m
/usr/bin/ld: CMakeFiles/planner_node.dir/src/planner_node.cpp.o: in function `PlannerNode::plan()':
planner_node.cpp:(.text+0x64b): undefined reference to `Map::addObstacle(int, int)'
/usr/bin/ld: planner_node.cpp:(.text+0x66f): undefined reference to `Map::addObstacle(int, int)'
/usr/bin/ld: planner_node.cpp:(.text+0x693): undefined reference to `Map::addObstacle(int, int)'
/usr/bin/ld: planner_node.cpp:(.text+0x6b7): undefined reference to `Map::addObstacle(int, int)'
/usr/bin/ld: planner_node.cpp:(.text+0x746): undefined reference to `astar(Map const&, int, int, int, int)'
/usr/bin/ld: planner_node.cpp:(.text+0x786): undefined reference to `Visualizer::createPathMarkers(std::vector<std::pair<int, int>, std::allocator<std::pair<int, int> > > const&)'
/usr/bin/ld: CMakeFiles/planner_node.dir/src/planner_node.cpp.o: in function `void __gnu_cxx::new_allocator<Map>::construct<Map, int, int>(Map*, int&&, int&&)':
planner_node.cpp:(.text._ZN9__gnu_cxx13new_allocatorI3MapE9constructIS1_JiiEEEvPT_DpOT0_[_ZN9__gnu_cxx13new_allocatorI3MapE9constructIS1_JiiEEEvPT_DpOT0_]+0x5f): undefined reference to `Map::Map(int, int)'
collect2: error: ld returned 1 exit status
gmake[2]: *** [CMakeFiles/planner_node.dir/build.make:270: planner_node] Error 1
gmake[1]: *** [CMakeFiles/Makefile2:137: CMakeFiles/planner_node.dir/all] Error 2
gmake: *** [Makefile:146: all] Error 2
