[0.020s] Invoking command in '/home/zeeshan/ros2_ws/build/my_planner': CMAKE_PREFIX_PATH=${CMAKE_PREFIX_PATH}:/opt/ros/humble /usr/bin/cmake /home/zeeshan/ros2_ws/src/my_planner -DCMAKE_INSTALL_PREFIX=/home/zeeshan/ros2_ws/install/my_planner
[0.129s] -- The C compiler identification is GNU 11.4.0
[0.239s] -- The CXX compiler identification is GNU 11.4.0
[0.252s] -- Detecting C compiler ABI info
[0.381s] -- Detecting C compiler ABI info - done
[0.398s] -- Check for working C compiler: /usr/bin/cc - skipped
[0.398s] -- Detecting C compile features
[0.399s] -- Detecting C compile features - done
[0.405s] -- Detecting CXX compiler ABI info
[0.560s] -- Detecting CXX compiler ABI info - done
[0.577s] -- Check for working CXX compiler: /usr/bin/c++ - skipped
[0.577s] -- Detecting CXX compile features
[0.579s] -- Detecting CXX compile features - done
[0.583s] -- Found ament_cmake: 1.3.9 (/opt/ros/humble/share/ament_cmake/cmake)
[1.472s] -- Found Python3: /usr/bin/python3 (found version "3.10.12") found components: Interpreter 
[1.644s] -- Found rclcpp: 16.0.9 (/opt/ros/humble/share/rclcpp/cmake)
[1.722s] -- Found rosidl_generator_c: 3.1.5 (/opt/ros/humble/share/rosidl_generator_c/cmake)
[1.731s] -- Found rosidl_adapter: 3.1.5 (/opt/ros/humble/share/rosidl_adapter/cmake)
[1.748s] -- Found rosidl_generator_cpp: 3.1.5 (/opt/ros/humble/share/rosidl_generator_cpp/cmake)
[1.777s] -- Using all available rosidl_typesupport_c: rosidl_typesupport_fastrtps_c;rosidl_typesupport_introspection_c
[1.819s] -- Using all available rosidl_typesupport_cpp: rosidl_typesupport_fastrtps_cpp;rosidl_typesupport_introspection_cpp
[1.976s] -- Found rmw_implementation_cmake: 6.1.2 (/opt/ros/humble/share/rmw_implementation_cmake/cmake)
[1.981s] -- Found rmw_fastrtps_cpp: 6.2.6 (/opt/ros/humble/share/rmw_fastrtps_cpp/cmake)
[2.181s] -- Found OpenSSL: /usr/lib/x86_64-linux-gnu/libcrypto.so (found version "3.0.2")  
[2.228s] -- Found FastRTPS: /opt/ros/humble/include  
[2.317s] -- Using RMW implementation 'rmw_fastrtps_cpp' as default
[2.336s] -- Looking for pthread.h
[2.476s] -- Looking for pthread.h - found
[2.477s] -- Performing Test CMAKE_HAVE_LIBC_PTHREAD
[2.620s] -- Performing Test CMAKE_HAVE_LIBC_PTHREAD - Success
[2.622s] -- Found Threads: TRUE  
[3.012s] -- Found visualization_msgs: 4.2.4 (/opt/ros/humble/share/visualization_msgs/cmake)
[3.696s] -- Found nav_msgs: 4.2.4 (/opt/ros/humble/share/nav_msgs/cmake)
[3.913s] -- Found tf2_ros: 0.25.7 (/opt/ros/humble/share/tf2_ros/cmake)
[4.778s] -- Found tf2_geometry_msgs: 0.25.7 (/opt/ros/humble/share/tf2_geometry_msgs/cmake)
[4.805s] -- Found eigen3_cmake_module: 0.1.1 (/opt/ros/humble/share/eigen3_cmake_module/cmake)
[4.808s] -- Found Eigen3: TRUE (found version "3.4.0") 
[4.808s] -- Ensuring Eigen3 include directory is part of orocos-kdl CMake target
[4.966s] -- Configuring done
[4.992s] -- Generating done
[4.996s] -- Build files have been written to: /home/zeeshan/ros2_ws/build/my_planner
[5.017s] Invoked command in '/home/zeeshan/ros2_ws/build/my_planner' returned '0': CMAKE_PREFIX_PATH=${CMAKE_PREFIX_PATH}:/opt/ros/humble /usr/bin/cmake /home/zeeshan/ros2_ws/src/my_planner -DCMAKE_INSTALL_PREFIX=/home/zeeshan/ros2_ws/install/my_planner
[5.021s] Invoking command in '/home/zeeshan/ros2_ws/build/my_planner': CMAKE_PREFIX_PATH=${CMAKE_PREFIX_PATH}:/opt/ros/humble /usr/bin/cmake --build /home/zeeshan/ros2_ws/build/my_planner -- -j4 -l4
[5.104s] [35m[1mConsolidate compiler generated dependencies of target planner_node[0m
[5.142s] [ 20%] [32mBuilding CXX object CMakeFiles/planner_node.dir/src/planner_node.cpp.o[0m
[15.757s] [ 40%] [32m[1mLinking CXX executable planner_node[0m
[16.385s] /usr/bin/ld: CMakeFiles/planner_node.dir/src/planner_node.cpp.o: in function `PlannerNode::plan()':
[16.386s] planner_node.cpp:(.text+0x64b): undefined reference to `Map::addObstacle(int, int)'
[16.386s] /usr/bin/ld: planner_node.cpp:(.text+0x66f): undefined reference to `Map::addObstacle(int, int)'
[16.386s] /usr/bin/ld: planner_node.cpp:(.text+0x693): undefined reference to `Map::addObstacle(int, int)'
[16.387s] /usr/bin/ld: planner_node.cpp:(.text+0x6b7): undefined reference to `Map::addObstacle(int, int)'
[16.387s] /usr/bin/ld: planner_node.cpp:(.text+0x746): undefined reference to `astar(Map const&, int, int, int, int)'
[16.387s] /usr/bin/ld: planner_node.cpp:(.text+0x786): undefined reference to `Visualizer::createPathMarkers(std::vector<std::pair<int, int>, std::allocator<std::pair<int, int> > > const&)'
[16.394s] /usr/bin/ld: CMakeFiles/planner_node.dir/src/planner_node.cpp.o: in function `void __gnu_cxx::new_allocator<Map>::construct<Map, int, int>(Map*, int&&, int&&)':
[16.394s] planner_node.cpp:(.text._ZN9__gnu_cxx13new_allocatorI3MapE9constructIS1_JiiEEEvPT_DpOT0_[_ZN9__gnu_cxx13new_allocatorI3MapE9constructIS1_JiiEEEvPT_DpOT0_]+0x5f): undefined reference to `Map::Map(int, int)'
[16.445s] collect2: error: ld returned 1 exit status
[16.447s] gmake[2]: *** [CMakeFiles/planner_node.dir/build.make:270: planner_node] Error 1
[16.448s] gmake[1]: *** [CMakeFiles/Makefile2:137: CMakeFiles/planner_node.dir/all] Error 2
[16.448s] gmake: *** [Makefile:146: all] Error 2
[16.452s] Invoked command in '/home/zeeshan/ros2_ws/build/my_planner' returned '2': CMAKE_PREFIX_PATH=${CMAKE_PREFIX_PATH}:/opt/ros/humble /usr/bin/cmake --build /home/zeeshan/ros2_ws/build/my_planner -- -j4 -l4
