In file included from [01m[K/home/zeeshan/ros2_ws/src/my_planner/include/planner_node.hpp:8[m[K,
                 from [01m[K/home/zeeshan/ros2_ws/src/my_planner/src/planner_node.cpp:1[m[K:
[01m[K/home/zeeshan/ros2_ws/src/my_planner/include/astar.hpp:24:46:[m[K [01;31m[Kerror: [m[Kâ€˜[01m[KMap[m[Kâ€™ does not name a type
   24 | std::vector<std::pair<int, int>> astar(const [01;31m[KMap[m[K& map, int start_x, int start_y, int goal_x, int goal_y);
      |                                              [01;31m[K^~~[m[K
In file included from [01m[K/home/zeeshan/ros2_ws/src/my_planner/src/planner_node.cpp:1[m[K:
[01m[K/home/zeeshan/ros2_ws/src/my_planner/include/planner_node.hpp:24:19:[m[K [01;31m[Kerror: [m[Kâ€˜[01m[KMap[m[Kâ€™ was not declared in this scope
   24 |   std::shared_ptr<[01;31m[KMap[m[K> map_;
      |                   [01;31m[K^~~[m[K
[01m[K/home/zeeshan/ros2_ws/src/my_planner/include/planner_node.hpp:24:22:[m[K [01;31m[Kerror: [m[Ktemplate argument 1 is invalid
   24 |   std::shared_ptr<Map[01;31m[K>[m[K map_;
      |                      [01;31m[K^[m[K
[01m[K/home/zeeshan/ros2_ws/src/my_planner/src/planner_node.cpp:[m[K In member function â€˜[01m[Kvoid PlannerNode::plan()[m[Kâ€™:
[01m[K/home/zeeshan/ros2_ws/src/my_planner/src/planner_node.cpp:22:27:[m[K [01;31m[Kerror: [m[Kâ€˜[01m[KMap[m[Kâ€™ was not declared in this scope
   22 |   map_ = std::make_shared<[01;31m[KMap[m[K>(20, 20);
      |                           [01;31m[K^~~[m[K
[01m[K/home/zeeshan/ros2_ws/src/my_planner/src/planner_node.cpp:22:31:[m[K [01;31m[Kerror: [m[Kno matching function for call to â€˜[01m[Kmake_shared<<expression error> >(int, int)[m[Kâ€™
   22 |   map_ = [01;31m[Kstd::make_shared<Map>(20, 20)[m[K;
      |          [01;31m[K~~~~~~~~~~~~~~~~~~~~~^~~~~~~~[m[K
In file included from [01m[K/usr/include/c++/11/memory:77[m[K,
                 from [01m[K/opt/ros/humble/include/rclcpp/rclcpp/rclcpp.hpp:153[m[K,
                 from [01m[K/home/zeeshan/ros2_ws/src/my_planner/include/planner_node.hpp:4[m[K,
                 from [01m[K/home/zeeshan/ros2_ws/src/my_planner/src/planner_node.cpp:1[m[K:
[01m[K/usr/include/c++/11/bits/shared_ptr.h:875:5:[m[K [01;36m[Knote: [m[Kcandidate: â€˜[01m[Ktemplate<class _Tp, class ... _Args> std::shared_ptr<_Tp> std::make_shared(_Args&& ...)[m[Kâ€™
  875 |     [01;36m[Kmake_shared[m[K(_Args&&... __args)
      |     [01;36m[K^~~~~~~~~~~[m[K
[01m[K/usr/include/c++/11/bits/shared_ptr.h:875:5:[m[K [01;36m[Knote: [m[K  template argument deduction/substitution failed:
[01m[K/home/zeeshan/ros2_ws/src/my_planner/src/planner_node.cpp:22:31:[m[K [01;31m[Kerror: [m[Ktemplate argument 1 is invalid
   22 |   map_ = [01;31m[Kstd::make_shared<Map>(20, 20)[m[K;
      |          [01;31m[K~~~~~~~~~~~~~~~~~~~~~^~~~~~~~[m[K
[01m[K/home/zeeshan/ros2_ws/src/my_planner/src/planner_node.cpp:23:7:[m[K [01;31m[Kerror: [m[Kbase operand of â€˜[01m[K->[m[Kâ€™ is not a pointer
   23 |   map_[01;31m[K->[m[KaddObstacle(5, 5);
      |       [01;31m[K^~[m[K
[01m[K/home/zeeshan/ros2_ws/src/my_planner/src/planner_node.cpp:24:7:[m[K [01;31m[Kerror: [m[Kbase operand of â€˜[01m[K->[m[Kâ€™ is not a pointer
   24 |   map_[01;31m[K->[m[KaddObstacle(6, 5);
      |       [01;31m[K^~[m[K
[01m[K/home/zeeshan/ros2_ws/src/my_planner/src/planner_node.cpp:25:7:[m[K [01;31m[Kerror: [m[Kbase operand of â€˜[01m[K->[m[Kâ€™ is not a pointer
   25 |   map_[01;31m[K->[m[KaddObstacle(7, 5);
      |       [01;31m[K^~[m[K
[01m[K/home/zeeshan/ros2_ws/src/my_planner/src/planner_node.cpp:26:7:[m[K [01;31m[Kerror: [m[Kbase operand of â€˜[01m[K->[m[Kâ€™ is not a pointer
   26 |   map_[01;31m[K->[m[KaddObstacle(8, 5);
      |       [01;31m[K^~[m[K
[01m[K/home/zeeshan/ros2_ws/src/my_planner/src/planner_node.cpp:33:17:[m[K [01;31m[Kerror: [m[Kinvalid type argument of unary â€˜[01m[K*[m[Kâ€™ (have â€˜[01m[Kint[m[Kâ€™)
   33 |   path_ = astar([01;31m[K*map_[m[K, start_x_, start_y_, goal_x_, goal_y_);
      |                 [01;31m[K^~~~~[m[K
[01m[K/home/zeeshan/ros2_ws/src/my_planner/src/planner_node.cpp:35:18:[m[K [01;31m[Kerror: [m[Kâ€˜[01m[KVisualizer[m[Kâ€™ has not been declared
   35 |   auto markers = [01;31m[KVisualizer[m[K::createPathMarkers(path_);
      |                  [01;31m[K^~~~~~~~~~[m[K
gmake[2]: *** [CMakeFiles/planner_node.dir/build.make:76: CMakeFiles/planner_node.dir/src/planner_node.cpp.o] Error 1
gmake[1]: *** [CMakeFiles/Makefile2:137: CMakeFiles/planner_node.dir/all] Error 2
gmake: *** [Makefile:146: all] Error 2
