-- The C compiler identification is GNU 11.4.0
-- The CXX compiler identification is GNU 11.4.0
-- Detecting C compiler ABI info
-- Detecting C compiler ABI info - done
-- Check for working C compiler: /usr/bin/cc - skipped
-- Detecting C compile features
-- Detecting C compile features - done
-- Detecting CXX compiler ABI info
-- Detecting CXX compiler ABI info - done
-- Check for working CXX compiler: /usr/bin/c++ - skipped
-- Detecting CXX compile features
-- Detecting CXX compile features - done
-- Found ament_cmake: 1.3.9 (/opt/ros/humble/share/ament_cmake/cmake)
-- Found Python3: /usr/bin/python3 (found version "3.10.12") found components: Interpreter 
-- Found rclcpp: 16.0.9 (/opt/ros/humble/share/rclcpp/cmake)
-- Found rosidl_generator_c: 3.1.5 (/opt/ros/humble/share/rosidl_generator_c/cmake)
-- Found rosidl_adapter: 3.1.5 (/opt/ros/humble/share/rosidl_adapter/cmake)
-- Found rosidl_generator_cpp: 3.1.5 (/opt/ros/humble/share/rosidl_generator_cpp/cmake)
-- Using all available rosidl_typesupport_c: rosidl_typesupport_fastrtps_c;rosidl_typesupport_introspection_c
-- Using all available rosidl_typesupport_cpp: rosidl_typesupport_fastrtps_cpp;rosidl_typesupport_introspection_cpp
-- Found rmw_implementation_cmake: 6.1.2 (/opt/ros/humble/share/rmw_implementation_cmake/cmake)
-- Found rmw_fastrtps_cpp: 6.2.6 (/opt/ros/humble/share/rmw_fastrtps_cpp/cmake)
-- Found OpenSSL: /usr/lib/x86_64-linux-gnu/libcrypto.so (found version "3.0.2")  
-- Found FastRTPS: /opt/ros/humble/include  
-- Using RMW implementation 'rmw_fastrtps_cpp' as default
-- Looking for pthread.h
-- Looking for pthread.h - found
-- Performing Test CMAKE_HAVE_LIBC_PTHREAD
-- Performing Test CMAKE_HAVE_LIBC_PTHREAD - Success
-- Found Threads: TRUE  
-- Found visualization_msgs: 4.2.4 (/opt/ros/humble/share/visualization_msgs/cmake)
-- Found nav_msgs: 4.2.4 (/opt/ros/humble/share/nav_msgs/cmake)
-- Found tf2_ros: 0.25.7 (/opt/ros/humble/share/tf2_ros/cmake)
-- Found tf2_geometry_msgs: 0.25.7 (/opt/ros/humble/share/tf2_geometry_msgs/cmake)
-- Found eigen3_cmake_module: 0.1.1 (/opt/ros/humble/share/eigen3_cmake_module/cmake)
-- Found Eigen3: TRUE (found version "3.4.0") 
-- Ensuring Eigen3 include directory is part of orocos-kdl CMake target
-- Configuring done
-- Generating done
-- Build files have been written to: /home/zeeshan/ros2_ws/build/my_planner
[35m[1mConsolidate compiler generated dependencies of target planner_node[0m
[ 20%] [32mBuilding CXX object CMakeFiles/planner_node.dir/src/planner_node.cpp.o[0m
In file included from [01m[K/home/zeeshan/ros2_ws/src/my_planner/include/planner_node.hpp:8[m[K,
                 from [01m[K/home/zeeshan/ros2_ws/src/my_planner/src/planner_node.cpp:1[m[K:
[01m[K/home/zeeshan/ros2_ws/src/my_planner/include/astar.hpp:24:46:[m[K [01;31m[Kerror: [m[Kâ€˜[01m[KMap[m[Kâ€™ does not name a type
   24 | std::vector<std::pair<int, int>> astar(const [01;31m[KMap[m[K& map, int start_x, int start_y, int goal_x, int goal_y);
      |                                              [01;31m[K^~~[m[K
In file included from [01m[K/home/zeeshan/ros2_ws/src/my_planner/src/planner_node.cpp:1[m[K:
[01m[K/home/zeeshan/ros2_ws/src/my_planner/include/planner_node.hpp:24:19:[m[K [01;31m[Kerror: [m[Kâ€˜[01m[KMap[m[Kâ€™ was not declared in this scope
   24 |   std::shared_ptr<[01;31m[KMap[m[K> map_;
      |                   [01;31m[K^~~[m[K
[01m[K/home/zeeshan/ros2_ws/src/my_planner/include/planner_node.hpp:24:22:[m[K [01;31m[Kerror: [m[Ktemplate argument 1 is invalid
   24 |   std::shared_ptr<Map[01;31m[K>[m[K map_;
      |                      [01;31m[K^[m[K
[01m[K/home/zeeshan/ros2_ws/src/my_planner/src/planner_node.cpp:[m[K In member function â€˜[01m[Kvoid PlannerNode::plan()[m[Kâ€™:
[01m[K/home/zeeshan/ros2_ws/src/my_planner/src/planner_node.cpp:22:27:[m[K [01;31m[Kerror: [m[Kâ€˜[01m[KMap[m[Kâ€™ was not declared in this scope
   22 |   map_ = std::make_shared<[01;31m[KMap[m[K>(20, 20);
      |                           [01;31m[K^~~[m[K
[01m[K/home/zeeshan/ros2_ws/src/my_planner/src/planner_node.cpp:22:31:[m[K [01;31m[Kerror: [m[Kno matching function for call to â€˜[01m[Kmake_shared<<expression error> >(int, int)[m[Kâ€™
   22 |   map_ = [01;31m[Kstd::make_shared<Map>(20, 20)[m[K;
      |          [01;31m[K~~~~~~~~~~~~~~~~~~~~~^~~~~~~~[m[K
In file included from [01m[K/usr/include/c++/11/memory:77[m[K,
                 from [01m[K/opt/ros/humble/include/rclcpp/rclcpp/rclcpp.hpp:153[m[K,
                 from [01m[K/home/zeeshan/ros2_ws/src/my_planner/include/planner_node.hpp:4[m[K,
                 from [01m[K/home/zeeshan/ros2_ws/src/my_planner/src/planner_node.cpp:1[m[K:
[01m[K/usr/include/c++/11/bits/shared_ptr.h:875:5:[m[K [01;36m[Knote: [m[Kcandidate: â€˜[01m[Ktemplate<class _Tp, class ... _Args> std::shared_ptr<_Tp> std::make_shared(_Args&& ...)[m[Kâ€™
  875 |     [01;36m[Kmake_shared[m[K(_Args&&... __args)
      |     [01;36m[K^~~~~~~~~~~[m[K
[01m[K/usr/include/c++/11/bits/shared_ptr.h:875:5:[m[K [01;36m[Knote: [m[K  template argument deduction/substitution failed:
[01m[K/home/zeeshan/ros2_ws/src/my_planner/src/planner_node.cpp:22:31:[m[K [01;31m[Kerror: [m[Ktemplate argument 1 is invalid
   22 |   map_ = [01;31m[Kstd::make_shared<Map>(20, 20)[m[K;
      |          [01;31m[K~~~~~~~~~~~~~~~~~~~~~^~~~~~~~[m[K
[01m[K/home/zeeshan/ros2_ws/src/my_planner/src/planner_node.cpp:23:7:[m[K [01;31m[Kerror: [m[Kbase operand of â€˜[01m[K->[m[Kâ€™ is not a pointer
   23 |   map_[01;31m[K->[m[KaddObstacle(5, 5);
      |       [01;31m[K^~[m[K
[01m[K/home/zeeshan/ros2_ws/src/my_planner/src/planner_node.cpp:24:7:[m[K [01;31m[Kerror: [m[Kbase operand of â€˜[01m[K->[m[Kâ€™ is not a pointer
   24 |   map_[01;31m[K->[m[KaddObstacle(6, 5);
      |       [01;31m[K^~[m[K
[01m[K/home/zeeshan/ros2_ws/src/my_planner/src/planner_node.cpp:25:7:[m[K [01;31m[Kerror: [m[Kbase operand of â€˜[01m[K->[m[Kâ€™ is not a pointer
   25 |   map_[01;31m[K->[m[KaddObstacle(7, 5);
      |       [01;31m[K^~[m[K
[01m[K/home/zeeshan/ros2_ws/src/my_planner/src/planner_node.cpp:26:7:[m[K [01;31m[Kerror: [m[Kbase operand of â€˜[01m[K->[m[Kâ€™ is not a pointer
   26 |   map_[01;31m[K->[m[KaddObstacle(8, 5);
      |       [01;31m[K^~[m[K
[01m[K/home/zeeshan/ros2_ws/src/my_planner/src/planner_node.cpp:33:17:[m[K [01;31m[Kerror: [m[Kinvalid type argument of unary â€˜[01m[K*[m[Kâ€™ (have â€˜[01m[Kint[m[Kâ€™)
   33 |   path_ = astar([01;31m[K*map_[m[K, start_x_, start_y_, goal_x_, goal_y_);
      |                 [01;31m[K^~~~~[m[K
[01m[K/home/zeeshan/ros2_ws/src/my_planner/src/planner_node.cpp:35:18:[m[K [01;31m[Kerror: [m[Kâ€˜[01m[KVisualizer[m[Kâ€™ has not been declared
   35 |   auto markers = [01;31m[KVisualizer[m[K::createPathMarkers(path_);
      |                  [01;31m[K^~~~~~~~~~[m[K
gmake[2]: *** [CMakeFiles/planner_node.dir/build.make:76: CMakeFiles/planner_node.dir/src/planner_node.cpp.o] Error 1
gmake[1]: *** [CMakeFiles/Makefile2:137: CMakeFiles/planner_node.dir/all] Error 2
gmake: *** [Makefile:146: all] Error 2
